The system is: Linux - 5.15.0-41-generic - x86_64
Compiling the C compiler identification source file "CMakeCCompilerId.c" succeeded.
Compiler: /usr/bin/cc 
Build flags: 
Id flags:  

The output was:
0


Compilation of the C compiler identification source "CMakeCCompilerId.c" produced "a.out"

The C compiler identification is GNU, found in "/home/ubuntu/Aravinth/submodle/NEW/build/CMakeFiles/3.16.3/CompilerIdC/a.out"

Compiling the CXX compiler identification source file "CMakeCXXCompilerId.cpp" succeeded.
Compiler: /usr/bin/c++ 
Build flags: 
Id flags:  

The output was:
0


Compilation of the CXX compiler identification source "CMakeCXXCompilerId.cpp" produced "a.out"

The CXX compiler identification is GNU, found in "/home/ubuntu/Aravinth/submodle/NEW/build/CMakeFiles/3.16.3/CompilerIdCXX/a.out"

Determining if the C compiler works passed with the following output:
Change Dir: /home/ubuntu/Aravinth/submodle/NEW/build/CMakeFiles/CMakeTmp

Run Build Command(s):/usr/bin/make cmTC_f9184/fast && /usr/bin/make -f CMakeFiles/cmTC_f9184.dir/build.make CMakeFiles/cmTC_f9184.dir/build
make[1]: Entering directory '/home/ubuntu/Aravinth/submodle/NEW/build/CMakeFiles/CMakeTmp'
Building C object CMakeFiles/cmTC_f9184.dir/testCCompiler.c.o
/usr/bin/cc    -o CMakeFiles/cmTC_f9184.dir/testCCompiler.c.o   -c /home/ubuntu/Aravinth/submodle/NEW/build/CMakeFiles/CMakeTmp/testCCompiler.c
Linking C executable cmTC_f9184
/usr/bin/cmake -E cmake_link_script CMakeFiles/cmTC_f9184.dir/link.txt --verbose=1
/usr/bin/cc      CMakeFiles/cmTC_f9184.dir/testCCompiler.c.o  -o cmTC_f9184 
make[1]: Leaving directory '/home/ubuntu/Aravinth/submodle/NEW/build/CMakeFiles/CMakeTmp'



Detecting C compiler ABI info compiled with the following output:
Change Dir: /home/ubuntu/Aravinth/submodle/NEW/build/CMakeFiles/CMakeTmp

Run Build Command(s):/usr/bin/make cmTC_b048f/fast && /usr/bin/make -f CMakeFiles/cmTC_b048f.dir/build.make CMakeFiles/cmTC_b048f.dir/build
make[1]: Entering directory '/home/ubuntu/Aravinth/submodle/NEW/build/CMakeFiles/CMakeTmp'
Building C object CMakeFiles/cmTC_b048f.dir/CMakeCCompilerABI.c.o
/usr/bin/cc   -v -o CMakeFiles/cmTC_b048f.dir/CMakeCCompilerABI.c.o   -c /usr/share/cmake-3.16/Modules/CMakeCCompilerABI.c
Using built-in specs.
COLLECT_GCC=/usr/bin/cc
OFFLOAD_TARGET_NAMES=nvptx-none:hsa
OFFLOAD_TARGET_DEFAULT=1
Target: x86_64-linux-gnu
Configured with: ../src/configure -v --with-pkgversion='Ubuntu 9.4.0-1ubuntu1~20.04.1' --with-bugurl=file:///usr/share/doc/gcc-9/README.Bugs --enable-languages=c,ada,c++,go,brig,d,fortran,objc,obj-c++,gm2 --prefix=/usr --with-gcc-major-version-only --program-suffix=-9 --program-prefix=x86_64-linux-gnu- --enable-shared --enable-linker-build-id --libexecdir=/usr/lib --without-included-gettext --enable-threads=posix --libdir=/usr/lib --enable-nls --enable-clocale=gnu --enable-libstdcxx-debug --enable-libstdcxx-time=yes --with-default-libstdcxx-abi=new --enable-gnu-unique-object --disable-vtable-verify --enable-plugin --enable-default-pie --with-system-zlib --with-target-system-zlib=auto --enable-objc-gc=auto --enable-multiarch --disable-werror --with-arch-32=i686 --with-abi=m64 --with-multilib-list=m32,m64,mx32 --enable-multilib --with-tune=generic --enable-offload-targets=nvptx-none=/build/gcc-9-Av3uEd/gcc-9-9.4.0/debian/tmp-nvptx/usr,hsa --without-cuda-driver --enable-checking=release --build=x86_64-linux-gnu --host=x86_64-linux-gnu --target=x86_64-linux-gnu
Thread model: posix
gcc version 9.4.0 (Ubuntu 9.4.0-1ubuntu1~20.04.1) 
COLLECT_GCC_OPTIONS='-v' '-o' 'CMakeFiles/cmTC_b048f.dir/CMakeCCompilerABI.c.o' '-c' '-mtune=generic' '-march=x86-64'
 /usr/lib/gcc/x86_64-linux-gnu/9/cc1 -quiet -v -imultiarch x86_64-linux-gnu /usr/share/cmake-3.16/Modules/CMakeCCompilerABI.c -quiet -dumpbase CMakeCCompilerABI.c -mtune=generic -march=x86-64 -auxbase-strip CMakeFiles/cmTC_b048f.dir/CMakeCCompilerABI.c.o -version -fasynchronous-unwind-tables -fstack-protector-strong -Wformat -Wformat-security -fstack-clash-protection -fcf-protection -o /tmp/ccKicxaO.s
GNU C17 (Ubuntu 9.4.0-1ubuntu1~20.04.1) version 9.4.0 (x86_64-linux-gnu)
	compiled by GNU C version 9.4.0, GMP version 6.2.0, MPFR version 4.0.2, MPC version 1.1.0, isl version isl-0.22.1-GMP

GGC heuristics: --param ggc-min-expand=100 --param ggc-min-heapsize=131072
ignoring nonexistent directory "/usr/local/include/x86_64-linux-gnu"
ignoring nonexistent directory "/usr/lib/gcc/x86_64-linux-gnu/9/include-fixed"
ignoring nonexistent directory "/usr/lib/gcc/x86_64-linux-gnu/9/../../../../x86_64-linux-gnu/include"
#include "..." search starts here:
#include <...> search starts here:
 /usr/lib/gcc/x86_64-linux-gnu/9/include
 /usr/local/include
 /usr/include/x86_64-linux-gnu
 /usr/include
End of search list.
GNU C17 (Ubuntu 9.4.0-1ubuntu1~20.04.1) version 9.4.0 (x86_64-linux-gnu)
	compiled by GNU C version 9.4.0, GMP version 6.2.0, MPFR version 4.0.2, MPC version 1.1.0, isl version isl-0.22.1-GMP

GGC heuristics: --param ggc-min-expand=100 --param ggc-min-heapsize=131072
Compiler executable checksum: c0c95c0b4209efec1c1892d5ff24030b
COLLECT_GCC_OPTIONS='-v' '-o' 'CMakeFiles/cmTC_b048f.dir/CMakeCCompilerABI.c.o' '-c' '-mtune=generic' '-march=x86-64'
 as -v --64 -o CMakeFiles/cmTC_b048f.dir/CMakeCCompilerABI.c.o /tmp/ccKicxaO.s
GNU assembler version 2.34 (x86_64-linux-gnu) using BFD version (GNU Binutils for Ubuntu) 2.34
COMPILER_PATH=/usr/lib/gcc/x86_64-linux-gnu/9/:/usr/lib/gcc/x86_64-linux-gnu/9/:/usr/lib/gcc/x86_64-linux-gnu/:/usr/lib/gcc/x86_64-linux-gnu/9/:/usr/lib/gcc/x86_64-linux-gnu/
LIBRARY_PATH=/usr/lib/gcc/x86_64-linux-gnu/9/:/usr/lib/gcc/x86_64-linux-gnu/9/../../../x86_64-linux-gnu/:/usr/lib/gcc/x86_64-linux-gnu/9/../../../../lib/:/lib/x86_64-linux-gnu/:/lib/../lib/:/usr/lib/x86_64-linux-gnu/:/usr/lib/../lib/:/usr/lib/gcc/x86_64-linux-gnu/9/../../../:/lib/:/usr/lib/
COLLECT_GCC_OPTIONS='-v' '-o' 'CMakeFiles/cmTC_b048f.dir/CMakeCCompilerABI.c.o' '-c' '-mtune=generic' '-march=x86-64'
Linking C executable cmTC_b048f
/usr/bin/cmake -E cmake_link_script CMakeFiles/cmTC_b048f.dir/link.txt --verbose=1
/usr/bin/cc     -v CMakeFiles/cmTC_b048f.dir/CMakeCCompilerABI.c.o  -o cmTC_b048f 
Using built-in specs.
COLLECT_GCC=/usr/bin/cc
COLLECT_LTO_WRAPPER=/usr/lib/gcc/x86_64-linux-gnu/9/lto-wrapper
OFFLOAD_TARGET_NAMES=nvptx-none:hsa
OFFLOAD_TARGET_DEFAULT=1
Target: x86_64-linux-gnu
Configured with: ../src/configure -v --with-pkgversion='Ubuntu 9.4.0-1ubuntu1~20.04.1' --with-bugurl=file:///usr/share/doc/gcc-9/README.Bugs --enable-languages=c,ada,c++,go,brig,d,fortran,objc,obj-c++,gm2 --prefix=/usr --with-gcc-major-version-only --program-suffix=-9 --program-prefix=x86_64-linux-gnu- --enable-shared --enable-linker-build-id --libexecdir=/usr/lib --without-included-gettext --enable-threads=posix --libdir=/usr/lib --enable-nls --enable-clocale=gnu --enable-libstdcxx-debug --enable-libstdcxx-time=yes --with-default-libstdcxx-abi=new --enable-gnu-unique-object --disable-vtable-verify --enable-plugin --enable-default-pie --with-system-zlib --with-target-system-zlib=auto --enable-objc-gc=auto --enable-multiarch --disable-werror --with-arch-32=i686 --with-abi=m64 --with-multilib-list=m32,m64,mx32 --enable-multilib --with-tune=generic --enable-offload-targets=nvptx-none=/build/gcc-9-Av3uEd/gcc-9-9.4.0/debian/tmp-nvptx/usr,hsa --without-cuda-driver --enable-checking=release --build=x86_64-linux-gnu --host=x86_64-linux-gnu --target=x86_64-linux-gnu
Thread model: posix
gcc version 9.4.0 (Ubuntu 9.4.0-1ubuntu1~20.04.1) 
COMPILER_PATH=/usr/lib/gcc/x86_64-linux-gnu/9/:/usr/lib/gcc/x86_64-linux-gnu/9/:/usr/lib/gcc/x86_64-linux-gnu/:/usr/lib/gcc/x86_64-linux-gnu/9/:/usr/lib/gcc/x86_64-linux-gnu/
LIBRARY_PATH=/usr/lib/gcc/x86_64-linux-gnu/9/:/usr/lib/gcc/x86_64-linux-gnu/9/../../../x86_64-linux-gnu/:/usr/lib/gcc/x86_64-linux-gnu/9/../../../../lib/:/lib/x86_64-linux-gnu/:/lib/../lib/:/usr/lib/x86_64-linux-gnu/:/usr/lib/../lib/:/usr/lib/gcc/x86_64-linux-gnu/9/../../../:/lib/:/usr/lib/
COLLECT_GCC_OPTIONS='-v' '-o' 'cmTC_b048f' '-mtune=generic' '-march=x86-64'
 /usr/lib/gcc/x86_64-linux-gnu/9/collect2 -plugin /usr/lib/gcc/x86_64-linux-gnu/9/liblto_plugin.so -plugin-opt=/usr/lib/gcc/x86_64-linux-gnu/9/lto-wrapper -plugin-opt=-fresolution=/tmp/ccTI4q6f.res -plugin-opt=-pass-through=-lgcc -plugin-opt=-pass-through=-lgcc_s -plugin-opt=-pass-through=-lc -plugin-opt=-pass-through=-lgcc -plugin-opt=-pass-through=-lgcc_s --build-id --eh-frame-hdr -m elf_x86_64 --hash-style=gnu --as-needed -dynamic-linker /lib64/ld-linux-x86-64.so.2 -pie -z now -z relro -o cmTC_b048f /usr/lib/gcc/x86_64-linux-gnu/9/../../../x86_64-linux-gnu/Scrt1.o /usr/lib/gcc/x86_64-linux-gnu/9/../../../x86_64-linux-gnu/crti.o /usr/lib/gcc/x86_64-linux-gnu/9/crtbeginS.o -L/usr/lib/gcc/x86_64-linux-gnu/9 -L/usr/lib/gcc/x86_64-linux-gnu/9/../../../x86_64-linux-gnu -L/usr/lib/gcc/x86_64-linux-gnu/9/../../../../lib -L/lib/x86_64-linux-gnu -L/lib/../lib -L/usr/lib/x86_64-linux-gnu -L/usr/lib/../lib -L/usr/lib/gcc/x86_64-linux-gnu/9/../../.. CMakeFiles/cmTC_b048f.dir/CMakeCCompilerABI.c.o -lgcc --push-state --as-needed -lgcc_s --pop-state -lc -lgcc --push-state --as-needed -lgcc_s --pop-state /usr/lib/gcc/x86_64-linux-gnu/9/crtendS.o /usr/lib/gcc/x86_64-linux-gnu/9/../../../x86_64-linux-gnu/crtn.o
COLLECT_GCC_OPTIONS='-v' '-o' 'cmTC_b048f' '-mtune=generic' '-march=x86-64'
make[1]: Leaving directory '/home/ubuntu/Aravinth/submodle/NEW/build/CMakeFiles/CMakeTmp'



Parsed C implicit include dir info from above output: rv=done
  found start of include info
  found start of implicit include info
    add: [/usr/lib/gcc/x86_64-linux-gnu/9/include]
    add: [/usr/local/include]
    add: [/usr/include/x86_64-linux-gnu]
    add: [/usr/include]
  end of search list found
  collapse include dir [/usr/lib/gcc/x86_64-linux-gnu/9/include] ==> [/usr/lib/gcc/x86_64-linux-gnu/9/include]
  collapse include dir [/usr/local/include] ==> [/usr/local/include]
  collapse include dir [/usr/include/x86_64-linux-gnu] ==> [/usr/include/x86_64-linux-gnu]
  collapse include dir [/usr/include] ==> [/usr/include]
  implicit include dirs: [/usr/lib/gcc/x86_64-linux-gnu/9/include;/usr/local/include;/usr/include/x86_64-linux-gnu;/usr/include]


Parsed C implicit link information from above output:
  link line regex: [^( *|.*[/\])(ld|CMAKE_LINK_STARTFILE-NOTFOUND|([^/\]+-)?ld|collect2)[^/\]*( |$)]
  ignore line: [Change Dir: /home/ubuntu/Aravinth/submodle/NEW/build/CMakeFiles/CMakeTmp]
  ignore line: []
  ignore line: [Run Build Command(s):/usr/bin/make cmTC_b048f/fast && /usr/bin/make -f CMakeFiles/cmTC_b048f.dir/build.make CMakeFiles/cmTC_b048f.dir/build]
  ignore line: [make[1]: Entering directory '/home/ubuntu/Aravinth/submodle/NEW/build/CMakeFiles/CMakeTmp']
  ignore line: [Building C object CMakeFiles/cmTC_b048f.dir/CMakeCCompilerABI.c.o]
  ignore line: [/usr/bin/cc   -v -o CMakeFiles/cmTC_b048f.dir/CMakeCCompilerABI.c.o   -c /usr/share/cmake-3.16/Modules/CMakeCCompilerABI.c]
  ignore line: [Using built-in specs.]
  ignore line: [COLLECT_GCC=/usr/bin/cc]
  ignore line: [OFFLOAD_TARGET_NAMES=nvptx-none:hsa]
  ignore line: [OFFLOAD_TARGET_DEFAULT=1]
  ignore line: [Target: x86_64-linux-gnu]
  ignore line: [Configured with: ../src/configure -v --with-pkgversion='Ubuntu 9.4.0-1ubuntu1~20.04.1' --with-bugurl=file:///usr/share/doc/gcc-9/README.Bugs --enable-languages=c ada c++ go brig d fortran objc obj-c++ gm2 --prefix=/usr --with-gcc-major-version-only --program-suffix=-9 --program-prefix=x86_64-linux-gnu- --enable-shared --enable-linker-build-id --libexecdir=/usr/lib --without-included-gettext --enable-threads=posix --libdir=/usr/lib --enable-nls --enable-clocale=gnu --enable-libstdcxx-debug --enable-libstdcxx-time=yes --with-default-libstdcxx-abi=new --enable-gnu-unique-object --disable-vtable-verify --enable-plugin --enable-default-pie --with-system-zlib --with-target-system-zlib=auto --enable-objc-gc=auto --enable-multiarch --disable-werror --with-arch-32=i686 --with-abi=m64 --with-multilib-list=m32 m64 mx32 --enable-multilib --with-tune=generic --enable-offload-targets=nvptx-none=/build/gcc-9-Av3uEd/gcc-9-9.4.0/debian/tmp-nvptx/usr hsa --without-cuda-driver --enable-checking=release --build=x86_64-linux-gnu --host=x86_64-linux-gnu --target=x86_64-linux-gnu]
  ignore line: [Thread model: posix]
  ignore line: [gcc version 9.4.0 (Ubuntu 9.4.0-1ubuntu1~20.04.1) ]
  ignore line: [COLLECT_GCC_OPTIONS='-v' '-o' 'CMakeFiles/cmTC_b048f.dir/CMakeCCompilerABI.c.o' '-c' '-mtune=generic' '-march=x86-64']
  ignore line: [ /usr/lib/gcc/x86_64-linux-gnu/9/cc1 -quiet -v -imultiarch x86_64-linux-gnu /usr/share/cmake-3.16/Modules/CMakeCCompilerABI.c -quiet -dumpbase CMakeCCompilerABI.c -mtune=generic -march=x86-64 -auxbase-strip CMakeFiles/cmTC_b048f.dir/CMakeCCompilerABI.c.o -version -fasynchronous-unwind-tables -fstack-protector-strong -Wformat -Wformat-security -fstack-clash-protection -fcf-protection -o /tmp/ccKicxaO.s]
  ignore line: [GNU C17 (Ubuntu 9.4.0-1ubuntu1~20.04.1) version 9.4.0 (x86_64-linux-gnu)]
  ignore line: [	compiled by GNU C version 9.4.0  GMP version 6.2.0  MPFR version 4.0.2  MPC version 1.1.0  isl version isl-0.22.1-GMP]
  ignore line: []
  ignore line: [GGC heuristics: --param ggc-min-expand=100 --param ggc-min-heapsize=131072]
  ignore line: [ignoring nonexistent directory "/usr/local/include/x86_64-linux-gnu"]
  ignore line: [ignoring nonexistent directory "/usr/lib/gcc/x86_64-linux-gnu/9/include-fixed"]
  ignore line: [ignoring nonexistent directory "/usr/lib/gcc/x86_64-linux-gnu/9/../../../../x86_64-linux-gnu/include"]
  ignore line: [#include "..." search starts here:]
  ignore line: [#include <...> search starts here:]
  ignore line: [ /usr/lib/gcc/x86_64-linux-gnu/9/include]
  ignore line: [ /usr/local/include]
  ignore line: [ /usr/include/x86_64-linux-gnu]
  ignore line: [ /usr/include]
  ignore line: [End of search list.]
  ignore line: [GNU C17 (Ubuntu 9.4.0-1ubuntu1~20.04.1) version 9.4.0 (x86_64-linux-gnu)]
  ignore line: [	compiled by GNU C version 9.4.0  GMP version 6.2.0  MPFR version 4.0.2  MPC version 1.1.0  isl version isl-0.22.1-GMP]
  ignore line: []
  ignore line: [GGC heuristics: --param ggc-min-expand=100 --param ggc-min-heapsize=131072]
  ignore line: [Compiler executable checksum: c0c95c0b4209efec1c1892d5ff24030b]
  ignore line: [COLLECT_GCC_OPTIONS='-v' '-o' 'CMakeFiles/cmTC_b048f.dir/CMakeCCompilerABI.c.o' '-c' '-mtune=generic' '-march=x86-64']
  ignore line: [ as -v --64 -o CMakeFiles/cmTC_b048f.dir/CMakeCCompilerABI.c.o /tmp/ccKicxaO.s]
  ignore line: [GNU assembler version 2.34 (x86_64-linux-gnu) using BFD version (GNU Binutils for Ubuntu) 2.34]
  ignore line: [COMPILER_PATH=/usr/lib/gcc/x86_64-linux-gnu/9/:/usr/lib/gcc/x86_64-linux-gnu/9/:/usr/lib/gcc/x86_64-linux-gnu/:/usr/lib/gcc/x86_64-linux-gnu/9/:/usr/lib/gcc/x86_64-linux-gnu/]
  ignore line: [LIBRARY_PATH=/usr/lib/gcc/x86_64-linux-gnu/9/:/usr/lib/gcc/x86_64-linux-gnu/9/../../../x86_64-linux-gnu/:/usr/lib/gcc/x86_64-linux-gnu/9/../../../../lib/:/lib/x86_64-linux-gnu/:/lib/../lib/:/usr/lib/x86_64-linux-gnu/:/usr/lib/../lib/:/usr/lib/gcc/x86_64-linux-gnu/9/../../../:/lib/:/usr/lib/]
  ignore line: [COLLECT_GCC_OPTIONS='-v' '-o' 'CMakeFiles/cmTC_b048f.dir/CMakeCCompilerABI.c.o' '-c' '-mtune=generic' '-march=x86-64']
  ignore line: [Linking C executable cmTC_b048f]
  ignore line: [/usr/bin/cmake -E cmake_link_script CMakeFiles/cmTC_b048f.dir/link.txt --verbose=1]
  ignore line: [/usr/bin/cc     -v CMakeFiles/cmTC_b048f.dir/CMakeCCompilerABI.c.o  -o cmTC_b048f ]
  ignore line: [Using built-in specs.]
  ignore line: [COLLECT_GCC=/usr/bin/cc]
  ignore line: [COLLECT_LTO_WRAPPER=/usr/lib/gcc/x86_64-linux-gnu/9/lto-wrapper]
  ignore line: [OFFLOAD_TARGET_NAMES=nvptx-none:hsa]
  ignore line: [OFFLOAD_TARGET_DEFAULT=1]
  ignore line: [Target: x86_64-linux-gnu]
  ignore line: [Configured with: ../src/configure -v --with-pkgversion='Ubuntu 9.4.0-1ubuntu1~20.04.1' --with-bugurl=file:///usr/share/doc/gcc-9/README.Bugs --enable-languages=c ada c++ go brig d fortran objc obj-c++ gm2 --prefix=/usr --with-gcc-major-version-only --program-suffix=-9 --program-prefix=x86_64-linux-gnu- --enable-shared --enable-linker-build-id --libexecdir=/usr/lib --without-included-gettext --enable-threads=posix --libdir=/usr/lib --enable-nls --enable-clocale=gnu --enable-libstdcxx-debug --enable-libstdcxx-time=yes --with-default-libstdcxx-abi=new --enable-gnu-unique-object --disable-vtable-verify --enable-plugin --enable-default-pie --with-system-zlib --with-target-system-zlib=auto --enable-objc-gc=auto --enable-multiarch --disable-werror --with-arch-32=i686 --with-abi=m64 --with-multilib-list=m32 m64 mx32 --enable-multilib --with-tune=generic --enable-offload-targets=nvptx-none=/build/gcc-9-Av3uEd/gcc-9-9.4.0/debian/tmp-nvptx/usr hsa --without-cuda-driver --enable-checking=release --build=x86_64-linux-gnu --host=x86_64-linux-gnu --target=x86_64-linux-gnu]
  ignore line: [Thread model: posix]
  ignore line: [gcc version 9.4.0 (Ubuntu 9.4.0-1ubuntu1~20.04.1) ]
  ignore line: [COMPILER_PATH=/usr/lib/gcc/x86_64-linux-gnu/9/:/usr/lib/gcc/x86_64-linux-gnu/9/:/usr/lib/gcc/x86_64-linux-gnu/:/usr/lib/gcc/x86_64-linux-gnu/9/:/usr/lib/gcc/x86_64-linux-gnu/]
  ignore line: [LIBRARY_PATH=/usr/lib/gcc/x86_64-linux-gnu/9/:/usr/lib/gcc/x86_64-linux-gnu/9/../../../x86_64-linux-gnu/:/usr/lib/gcc/x86_64-linux-gnu/9/../../../../lib/:/lib/x86_64-linux-gnu/:/lib/../lib/:/usr/lib/x86_64-linux-gnu/:/usr/lib/../lib/:/usr/lib/gcc/x86_64-linux-gnu/9/../../../:/lib/:/usr/lib/]
  ignore line: [COLLECT_GCC_OPTIONS='-v' '-o' 'cmTC_b048f' '-mtune=generic' '-march=x86-64']
  link line: [ /usr/lib/gcc/x86_64-linux-gnu/9/collect2 -plugin /usr/lib/gcc/x86_64-linux-gnu/9/liblto_plugin.so -plugin-opt=/usr/lib/gcc/x86_64-linux-gnu/9/lto-wrapper -plugin-opt=-fresolution=/tmp/ccTI4q6f.res -plugin-opt=-pass-through=-lgcc -plugin-opt=-pass-through=-lgcc_s -plugin-opt=-pass-through=-lc -plugin-opt=-pass-through=-lgcc -plugin-opt=-pass-through=-lgcc_s --build-id --eh-frame-hdr -m elf_x86_64 --hash-style=gnu --as-needed -dynamic-linker /lib64/ld-linux-x86-64.so.2 -pie -z now -z relro -o cmTC_b048f /usr/lib/gcc/x86_64-linux-gnu/9/../../../x86_64-linux-gnu/Scrt1.o /usr/lib/gcc/x86_64-linux-gnu/9/../../../x86_64-linux-gnu/crti.o /usr/lib/gcc/x86_64-linux-gnu/9/crtbeginS.o -L/usr/lib/gcc/x86_64-linux-gnu/9 -L/usr/lib/gcc/x86_64-linux-gnu/9/../../../x86_64-linux-gnu -L/usr/lib/gcc/x86_64-linux-gnu/9/../../../../lib -L/lib/x86_64-linux-gnu -L/lib/../lib -L/usr/lib/x86_64-linux-gnu -L/usr/lib/../lib -L/usr/lib/gcc/x86_64-linux-gnu/9/../../.. CMakeFiles/cmTC_b048f.dir/CMakeCCompilerABI.c.o -lgcc --push-state --as-needed -lgcc_s --pop-state -lc -lgcc --push-state --as-needed -lgcc_s --pop-state /usr/lib/gcc/x86_64-linux-gnu/9/crtendS.o /usr/lib/gcc/x86_64-linux-gnu/9/../../../x86_64-linux-gnu/crtn.o]
    arg [/usr/lib/gcc/x86_64-linux-gnu/9/collect2] ==> ignore
    arg [-plugin] ==> ignore
    arg [/usr/lib/gcc/x86_64-linux-gnu/9/liblto_plugin.so] ==> ignore
    arg [-plugin-opt=/usr/lib/gcc/x86_64-linux-gnu/9/lto-wrapper] ==> ignore
    arg [-plugin-opt=-fresolution=/tmp/ccTI4q6f.res] ==> ignore
    arg [-plugin-opt=-pass-through=-lgcc] ==> ignore
    arg [-plugin-opt=-pass-through=-lgcc_s] ==> ignore
    arg [-plugin-opt=-pass-through=-lc] ==> ignore
    arg [-plugin-opt=-pass-through=-lgcc] ==> ignore
    arg [-plugin-opt=-pass-through=-lgcc_s] ==> ignore
    arg [--build-id] ==> ignore
    arg [--eh-frame-hdr] ==> ignore
    arg [-m] ==> ignore
    arg [elf_x86_64] ==> ignore
    arg [--hash-style=gnu] ==> ignore
    arg [--as-needed] ==> ignore
    arg [-dynamic-linker] ==> ignore
    arg [/lib64/ld-linux-x86-64.so.2] ==> ignore
    arg [-pie] ==> ignore
    arg [-znow] ==> ignore
    arg [-zrelro] ==> ignore
    arg [-o] ==> ignore
    arg [cmTC_b048f] ==> ignore
    arg [/usr/lib/gcc/x86_64-linux-gnu/9/../../../x86_64-linux-gnu/Scrt1.o] ==> ignore
    arg [/usr/lib/gcc/x86_64-linux-gnu/9/../../../x86_64-linux-gnu/crti.o] ==> ignore
    arg [/usr/lib/gcc/x86_64-linux-gnu/9/crtbeginS.o] ==> ignore
    arg [-L/usr/lib/gcc/x86_64-linux-gnu/9] ==> dir [/usr/lib/gcc/x86_64-linux-gnu/9]
    arg [-L/usr/lib/gcc/x86_64-linux-gnu/9/../../../x86_64-linux-gnu] ==> dir [/usr/lib/gcc/x86_64-linux-gnu/9/../../../x86_64-linux-gnu]
    arg [-L/usr/lib/gcc/x86_64-linux-gnu/9/../../../../lib] ==> dir [/usr/lib/gcc/x86_64-linux-gnu/9/../../../../lib]
    arg [-L/lib/x86_64-linux-gnu] ==> dir [/lib/x86_64-linux-gnu]
    arg [-L/lib/../lib] ==> dir [/lib/../lib]
    arg [-L/usr/lib/x86_64-linux-gnu] ==> dir [/usr/lib/x86_64-linux-gnu]
    arg [-L/usr/lib/../lib] ==> dir [/usr/lib/../lib]
    arg [-L/usr/lib/gcc/x86_64-linux-gnu/9/../../..] ==> dir [/usr/lib/gcc/x86_64-linux-gnu/9/../../..]
    arg [CMakeFiles/cmTC_b048f.dir/CMakeCCompilerABI.c.o] ==> ignore
    arg [-lgcc] ==> lib [gcc]
    arg [--push-state] ==> ignore
    arg [--as-needed] ==> ignore
    arg [-lgcc_s] ==> lib [gcc_s]
    arg [--pop-state] ==> ignore
    arg [-lc] ==> lib [c]
    arg [-lgcc] ==> lib [gcc]
    arg [--push-state] ==> ignore
    arg [--as-needed] ==> ignore
    arg [-lgcc_s] ==> lib [gcc_s]
    arg [--pop-state] ==> ignore
    arg [/usr/lib/gcc/x86_64-linux-gnu/9/crtendS.o] ==> ignore
    arg [/usr/lib/gcc/x86_64-linux-gnu/9/../../../x86_64-linux-gnu/crtn.o] ==> ignore
  collapse library dir [/usr/lib/gcc/x86_64-linux-gnu/9] ==> [/usr/lib/gcc/x86_64-linux-gnu/9]
  collapse library dir [/usr/lib/gcc/x86_64-linux-gnu/9/../../../x86_64-linux-gnu] ==> [/usr/lib/x86_64-linux-gnu]
  collapse library dir [/usr/lib/gcc/x86_64-linux-gnu/9/../../../../lib] ==> [/usr/lib]
  collapse library dir [/lib/x86_64-linux-gnu] ==> [/lib/x86_64-linux-gnu]
  collapse library dir [/lib/../lib] ==> [/lib]
  collapse library dir [/usr/lib/x86_64-linux-gnu] ==> [/usr/lib/x86_64-linux-gnu]
  collapse library dir [/usr/lib/../lib] ==> [/usr/lib]
  collapse library dir [/usr/lib/gcc/x86_64-linux-gnu/9/../../..] ==> [/usr/lib]
  implicit libs: [gcc;gcc_s;c;gcc;gcc_s]
  implicit dirs: [/usr/lib/gcc/x86_64-linux-gnu/9;/usr/lib/x86_64-linux-gnu;/usr/lib;/lib/x86_64-linux-gnu;/lib]
  implicit fwks: []


Determining if the CXX compiler works passed with the following output:
Change Dir: /home/ubuntu/Aravinth/submodle/NEW/build/CMakeFiles/CMakeTmp

Run Build Command(s):/usr/bin/make cmTC_33692/fast && /usr/bin/make -f CMakeFiles/cmTC_33692.dir/build.make CMakeFiles/cmTC_33692.dir/build
make[1]: Entering directory '/home/ubuntu/Aravinth/submodle/NEW/build/CMakeFiles/CMakeTmp'
Building CXX object CMakeFiles/cmTC_33692.dir/testCXXCompiler.cxx.o
/usr/bin/c++     -o CMakeFiles/cmTC_33692.dir/testCXXCompiler.cxx.o -c /home/ubuntu/Aravinth/submodle/NEW/build/CMakeFiles/CMakeTmp/testCXXCompiler.cxx
Linking CXX executable cmTC_33692
/usr/bin/cmake -E cmake_link_script CMakeFiles/cmTC_33692.dir/link.txt --verbose=1
/usr/bin/c++       CMakeFiles/cmTC_33692.dir/testCXXCompiler.cxx.o  -o cmTC_33692 
make[1]: Leaving directory '/home/ubuntu/Aravinth/submodle/NEW/build/CMakeFiles/CMakeTmp'



Detecting CXX compiler ABI info compiled with the following output:
Change Dir: /home/ubuntu/Aravinth/submodle/NEW/build/CMakeFiles/CMakeTmp

Run Build Command(s):/usr/bin/make cmTC_75bcb/fast && /usr/bin/make -f CMakeFiles/cmTC_75bcb.dir/build.make CMakeFiles/cmTC_75bcb.dir/build
make[1]: Entering directory '/home/ubuntu/Aravinth/submodle/NEW/build/CMakeFiles/CMakeTmp'
Building CXX object CMakeFiles/cmTC_75bcb.dir/CMakeCXXCompilerABI.cpp.o
/usr/bin/c++    -v -o CMakeFiles/cmTC_75bcb.dir/CMakeCXXCompilerABI.cpp.o -c /usr/share/cmake-3.16/Modules/CMakeCXXCompilerABI.cpp
Using built-in specs.
COLLECT_GCC=/usr/bin/c++
OFFLOAD_TARGET_NAMES=nvptx-none:hsa
OFFLOAD_TARGET_DEFAULT=1
Target: x86_64-linux-gnu
Configured with: ../src/configure -v --with-pkgversion='Ubuntu 9.4.0-1ubuntu1~20.04.1' --with-bugurl=file:///usr/share/doc/gcc-9/README.Bugs --enable-languages=c,ada,c++,go,brig,d,fortran,objc,obj-c++,gm2 --prefix=/usr --with-gcc-major-version-only --program-suffix=-9 --program-prefix=x86_64-linux-gnu- --enable-shared --enable-linker-build-id --libexecdir=/usr/lib --without-included-gettext --enable-threads=posix --libdir=/usr/lib --enable-nls --enable-clocale=gnu --enable-libstdcxx-debug --enable-libstdcxx-time=yes --with-default-libstdcxx-abi=new --enable-gnu-unique-object --disable-vtable-verify --enable-plugin --enable-default-pie --with-system-zlib --with-target-system-zlib=auto --enable-objc-gc=auto --enable-multiarch --disable-werror --with-arch-32=i686 --with-abi=m64 --with-multilib-list=m32,m64,mx32 --enable-multilib --with-tune=generic --enable-offload-targets=nvptx-none=/build/gcc-9-Av3uEd/gcc-9-9.4.0/debian/tmp-nvptx/usr,hsa --without-cuda-driver --enable-checking=release --build=x86_64-linux-gnu --host=x86_64-linux-gnu --target=x86_64-linux-gnu
Thread model: posix
gcc version 9.4.0 (Ubuntu 9.4.0-1ubuntu1~20.04.1) 
COLLECT_GCC_OPTIONS='-v' '-o' 'CMakeFiles/cmTC_75bcb.dir/CMakeCXXCompilerABI.cpp.o' '-c' '-shared-libgcc' '-mtune=generic' '-march=x86-64'
 /usr/lib/gcc/x86_64-linux-gnu/9/cc1plus -quiet -v -imultiarch x86_64-linux-gnu -D_GNU_SOURCE /usr/share/cmake-3.16/Modules/CMakeCXXCompilerABI.cpp -quiet -dumpbase CMakeCXXCompilerABI.cpp -mtune=generic -march=x86-64 -auxbase-strip CMakeFiles/cmTC_75bcb.dir/CMakeCXXCompilerABI.cpp.o -version -fasynchronous-unwind-tables -fstack-protector-strong -Wformat -Wformat-security -fstack-clash-protection -fcf-protection -o /tmp/cc86CSEO.s
GNU C++14 (Ubuntu 9.4.0-1ubuntu1~20.04.1) version 9.4.0 (x86_64-linux-gnu)
	compiled by GNU C version 9.4.0, GMP version 6.2.0, MPFR version 4.0.2, MPC version 1.1.0, isl version isl-0.22.1-GMP

GGC heuristics: --param ggc-min-expand=100 --param ggc-min-heapsize=131072
ignoring duplicate directory "/usr/include/x86_64-linux-gnu/c++/9"
ignoring nonexistent directory "/usr/local/include/x86_64-linux-gnu"
ignoring nonexistent directory "/usr/lib/gcc/x86_64-linux-gnu/9/include-fixed"
ignoring nonexistent directory "/usr/lib/gcc/x86_64-linux-gnu/9/../../../../x86_64-linux-gnu/include"
#include "..." search starts here:
#include <...> search starts here:
 /usr/include/c++/9
 /usr/include/x86_64-linux-gnu/c++/9
 /usr/include/c++/9/backward
 /usr/lib/gcc/x86_64-linux-gnu/9/include
 /usr/local/include
 /usr/include/x86_64-linux-gnu
 /usr/include
End of search list.
GNU C++14 (Ubuntu 9.4.0-1ubuntu1~20.04.1) version 9.4.0 (x86_64-linux-gnu)
	compiled by GNU C version 9.4.0, GMP version 6.2.0, MPFR version 4.0.2, MPC version 1.1.0, isl version isl-0.22.1-GMP

GGC heuristics: --param ggc-min-expand=100 --param ggc-min-heapsize=131072
Compiler executable checksum: 65fe925b83d3956b533de4aaba7dace0
COLLECT_GCC_OPTIONS='-v' '-o' 'CMakeFiles/cmTC_75bcb.dir/CMakeCXXCompilerABI.cpp.o' '-c' '-shared-libgcc' '-mtune=generic' '-march=x86-64'
 as -v --64 -o CMakeFiles/cmTC_75bcb.dir/CMakeCXXCompilerABI.cpp.o /tmp/cc86CSEO.s
GNU assembler version 2.34 (x86_64-linux-gnu) using BFD version (GNU Binutils for Ubuntu) 2.34
COMPILER_PATH=/usr/lib/gcc/x86_64-linux-gnu/9/:/usr/lib/gcc/x86_64-linux-gnu/9/:/usr/lib/gcc/x86_64-linux-gnu/:/usr/lib/gcc/x86_64-linux-gnu/9/:/usr/lib/gcc/x86_64-linux-gnu/
LIBRARY_PATH=/usr/lib/gcc/x86_64-linux-gnu/9/:/usr/lib/gcc/x86_64-linux-gnu/9/../../../x86_64-linux-gnu/:/usr/lib/gcc/x86_64-linux-gnu/9/../../../../lib/:/lib/x86_64-linux-gnu/:/lib/../lib/:/usr/lib/x86_64-linux-gnu/:/usr/lib/../lib/:/usr/lib/gcc/x86_64-linux-gnu/9/../../../:/lib/:/usr/lib/
COLLECT_GCC_OPTIONS='-v' '-o' 'CMakeFiles/cmTC_75bcb.dir/CMakeCXXCompilerABI.cpp.o' '-c' '-shared-libgcc' '-mtune=generic' '-march=x86-64'
Linking CXX executable cmTC_75bcb
/usr/bin/cmake -E cmake_link_script CMakeFiles/cmTC_75bcb.dir/link.txt --verbose=1
/usr/bin/c++      -v CMakeFiles/cmTC_75bcb.dir/CMakeCXXCompilerABI.cpp.o  -o cmTC_75bcb 
Using built-in specs.
COLLECT_GCC=/usr/bin/c++
COLLECT_LTO_WRAPPER=/usr/lib/gcc/x86_64-linux-gnu/9/lto-wrapper
OFFLOAD_TARGET_NAMES=nvptx-none:hsa
OFFLOAD_TARGET_DEFAULT=1
Target: x86_64-linux-gnu
Configured with: ../src/configure -v --with-pkgversion='Ubuntu 9.4.0-1ubuntu1~20.04.1' --with-bugurl=file:///usr/share/doc/gcc-9/README.Bugs --enable-languages=c,ada,c++,go,brig,d,fortran,objc,obj-c++,gm2 --prefix=/usr --with-gcc-major-version-only --program-suffix=-9 --program-prefix=x86_64-linux-gnu- --enable-shared --enable-linker-build-id --libexecdir=/usr/lib --without-included-gettext --enable-threads=posix --libdir=/usr/lib --enable-nls --enable-clocale=gnu --enable-libstdcxx-debug --enable-libstdcxx-time=yes --with-default-libstdcxx-abi=new --enable-gnu-unique-object --disable-vtable-verify --enable-plugin --enable-default-pie --with-system-zlib --with-target-system-zlib=auto --enable-objc-gc=auto --enable-multiarch --disable-werror --with-arch-32=i686 --with-abi=m64 --with-multilib-list=m32,m64,mx32 --enable-multilib --with-tune=generic --enable-offload-targets=nvptx-none=/build/gcc-9-Av3uEd/gcc-9-9.4.0/debian/tmp-nvptx/usr,hsa --without-cuda-driver --enable-checking=release --build=x86_64-linux-gnu --host=x86_64-linux-gnu --target=x86_64-linux-gnu
Thread model: posix
gcc version 9.4.0 (Ubuntu 9.4.0-1ubuntu1~20.04.1) 
COMPILER_PATH=/usr/lib/gcc/x86_64-linux-gnu/9/:/usr/lib/gcc/x86_64-linux-gnu/9/:/usr/lib/gcc/x86_64-linux-gnu/:/usr/lib/gcc/x86_64-linux-gnu/9/:/usr/lib/gcc/x86_64-linux-gnu/
LIBRARY_PATH=/usr/lib/gcc/x86_64-linux-gnu/9/:/usr/lib/gcc/x86_64-linux-gnu/9/../../../x86_64-linux-gnu/:/usr/lib/gcc/x86_64-linux-gnu/9/../../../../lib/:/lib/x86_64-linux-gnu/:/lib/../lib/:/usr/lib/x86_64-linux-gnu/:/usr/lib/../lib/:/usr/lib/gcc/x86_64-linux-gnu/9/../../../:/lib/:/usr/lib/
COLLECT_GCC_OPTIONS='-v' '-o' 'cmTC_75bcb' '-shared-libgcc' '-mtune=generic' '-march=x86-64'
 /usr/lib/gcc/x86_64-linux-gnu/9/collect2 -plugin /usr/lib/gcc/x86_64-linux-gnu/9/liblto_plugin.so -plugin-opt=/usr/lib/gcc/x86_64-linux-gnu/9/lto-wrapper -plugin-opt=-fresolution=/tmp/ccR4trqg.res -plugin-opt=-pass-through=-lgcc_s -plugin-opt=-pass-through=-lgcc -plugin-opt=-pass-through=-lc -plugin-opt=-pass-through=-lgcc_s -plugin-opt=-pass-through=-lgcc --build-id --eh-frame-hdr -m elf_x86_64 --hash-style=gnu --as-needed -dynamic-linker /lib64/ld-linux-x86-64.so.2 -pie -z now -z relro -o cmTC_75bcb /usr/lib/gcc/x86_64-linux-gnu/9/../../../x86_64-linux-gnu/Scrt1.o /usr/lib/gcc/x86_64-linux-gnu/9/../../../x86_64-linux-gnu/crti.o /usr/lib/gcc/x86_64-linux-gnu/9/crtbeginS.o -L/usr/lib/gcc/x86_64-linux-gnu/9 -L/usr/lib/gcc/x86_64-linux-gnu/9/../../../x86_64-linux-gnu -L/usr/lib/gcc/x86_64-linux-gnu/9/../../../../lib -L/lib/x86_64-linux-gnu -L/lib/../lib -L/usr/lib/x86_64-linux-gnu -L/usr/lib/../lib -L/usr/lib/gcc/x86_64-linux-gnu/9/../../.. CMakeFiles/cmTC_75bcb.dir/CMakeCXXCompilerABI.cpp.o -lstdc++ -lm -lgcc_s -lgcc -lc -lgcc_s -lgcc /usr/lib/gcc/x86_64-linux-gnu/9/crtendS.o /usr/lib/gcc/x86_64-linux-gnu/9/../../../x86_64-linux-gnu/crtn.o
COLLECT_GCC_OPTIONS='-v' '-o' 'cmTC_75bcb' '-shared-libgcc' '-mtune=generic' '-march=x86-64'
make[1]: Leaving directory '/home/ubuntu/Aravinth/submodle/NEW/build/CMakeFiles/CMakeTmp'



Parsed CXX implicit include dir info from above output: rv=done
  found start of include info
  found start of implicit include info
    add: [/usr/include/c++/9]
    add: [/usr/include/x86_64-linux-gnu/c++/9]
    add: [/usr/include/c++/9/backward]
    add: [/usr/lib/gcc/x86_64-linux-gnu/9/include]
    add: [/usr/local/include]
    add: [/usr/include/x86_64-linux-gnu]
    add: [/usr/include]
  end of search list found
  collapse include dir [/usr/include/c++/9] ==> [/usr/include/c++/9]
  collapse include dir [/usr/include/x86_64-linux-gnu/c++/9] ==> [/usr/include/x86_64-linux-gnu/c++/9]
  collapse include dir [/usr/include/c++/9/backward] ==> [/usr/include/c++/9/backward]
  collapse include dir [/usr/lib/gcc/x86_64-linux-gnu/9/include] ==> [/usr/lib/gcc/x86_64-linux-gnu/9/include]
  collapse include dir [/usr/local/include] ==> [/usr/local/include]
  collapse include dir [/usr/include/x86_64-linux-gnu] ==> [/usr/include/x86_64-linux-gnu]
  collapse include dir [/usr/include] ==> [/usr/include]
  implicit include dirs: [/usr/include/c++/9;/usr/include/x86_64-linux-gnu/c++/9;/usr/include/c++/9/backward;/usr/lib/gcc/x86_64-linux-gnu/9/include;/usr/local/include;/usr/include/x86_64-linux-gnu;/usr/include]


Parsed CXX implicit link information from above output:
  link line regex: [^( *|.*[/\])(ld|CMAKE_LINK_STARTFILE-NOTFOUND|([^/\]+-)?ld|collect2)[^/\]*( |$)]
  ignore line: [Change Dir: /home/ubuntu/Aravinth/submodle/NEW/build/CMakeFiles/CMakeTmp]
  ignore line: []
  ignore line: [Run Build Command(s):/usr/bin/make cmTC_75bcb/fast && /usr/bin/make -f CMakeFiles/cmTC_75bcb.dir/build.make CMakeFiles/cmTC_75bcb.dir/build]
  ignore line: [make[1]: Entering directory '/home/ubuntu/Aravinth/submodle/NEW/build/CMakeFiles/CMakeTmp']
  ignore line: [Building CXX object CMakeFiles/cmTC_75bcb.dir/CMakeCXXCompilerABI.cpp.o]
  ignore line: [/usr/bin/c++    -v -o CMakeFiles/cmTC_75bcb.dir/CMakeCXXCompilerABI.cpp.o -c /usr/share/cmake-3.16/Modules/CMakeCXXCompilerABI.cpp]
  ignore line: [Using built-in specs.]
  ignore line: [COLLECT_GCC=/usr/bin/c++]
  ignore line: [OFFLOAD_TARGET_NAMES=nvptx-none:hsa]
  ignore line: [OFFLOAD_TARGET_DEFAULT=1]
  ignore line: [Target: x86_64-linux-gnu]
  ignore line: [Configured with: ../src/configure -v --with-pkgversion='Ubuntu 9.4.0-1ubuntu1~20.04.1' --with-bugurl=file:///usr/share/doc/gcc-9/README.Bugs --enable-languages=c ada c++ go brig d fortran objc obj-c++ gm2 --prefix=/usr --with-gcc-major-version-only --program-suffix=-9 --program-prefix=x86_64-linux-gnu- --enable-shared --enable-linker-build-id --libexecdir=/usr/lib --without-included-gettext --enable-threads=posix --libdir=/usr/lib --enable-nls --enable-clocale=gnu --enable-libstdcxx-debug --enable-libstdcxx-time=yes --with-default-libstdcxx-abi=new --enable-gnu-unique-object --disable-vtable-verify --enable-plugin --enable-default-pie --with-system-zlib --with-target-system-zlib=auto --enable-objc-gc=auto --enable-multiarch --disable-werror --with-arch-32=i686 --with-abi=m64 --with-multilib-list=m32 m64 mx32 --enable-multilib --with-tune=generic --enable-offload-targets=nvptx-none=/build/gcc-9-Av3uEd/gcc-9-9.4.0/debian/tmp-nvptx/usr hsa --without-cuda-driver --enable-checking=release --build=x86_64-linux-gnu --host=x86_64-linux-gnu --target=x86_64-linux-gnu]
  ignore line: [Thread model: posix]
  ignore line: [gcc version 9.4.0 (Ubuntu 9.4.0-1ubuntu1~20.04.1) ]
  ignore line: [COLLECT_GCC_OPTIONS='-v' '-o' 'CMakeFiles/cmTC_75bcb.dir/CMakeCXXCompilerABI.cpp.o' '-c' '-shared-libgcc' '-mtune=generic' '-march=x86-64']
  ignore line: [ /usr/lib/gcc/x86_64-linux-gnu/9/cc1plus -quiet -v -imultiarch x86_64-linux-gnu -D_GNU_SOURCE /usr/share/cmake-3.16/Modules/CMakeCXXCompilerABI.cpp -quiet -dumpbase CMakeCXXCompilerABI.cpp -mtune=generic -march=x86-64 -auxbase-strip CMakeFiles/cmTC_75bcb.dir/CMakeCXXCompilerABI.cpp.o -version -fasynchronous-unwind-tables -fstack-protector-strong -Wformat -Wformat-security -fstack-clash-protection -fcf-protection -o /tmp/cc86CSEO.s]
  ignore line: [GNU C++14 (Ubuntu 9.4.0-1ubuntu1~20.04.1) version 9.4.0 (x86_64-linux-gnu)]
  ignore line: [	compiled by GNU C version 9.4.0  GMP version 6.2.0  MPFR version 4.0.2  MPC version 1.1.0  isl version isl-0.22.1-GMP]
  ignore line: []
  ignore line: [GGC heuristics: --param ggc-min-expand=100 --param ggc-min-heapsize=131072]
  ignore line: [ignoring duplicate directory "/usr/include/x86_64-linux-gnu/c++/9"]
  ignore line: [ignoring nonexistent directory "/usr/local/include/x86_64-linux-gnu"]
  ignore line: [ignoring nonexistent directory "/usr/lib/gcc/x86_64-linux-gnu/9/include-fixed"]
  ignore line: [ignoring nonexistent directory "/usr/lib/gcc/x86_64-linux-gnu/9/../../../../x86_64-linux-gnu/include"]
  ignore line: [#include "..." search starts here:]
  ignore line: [#include <...> search starts here:]
  ignore line: [ /usr/include/c++/9]
  ignore line: [ /usr/include/x86_64-linux-gnu/c++/9]
  ignore line: [ /usr/include/c++/9/backward]
  ignore line: [ /usr/lib/gcc/x86_64-linux-gnu/9/include]
  ignore line: [ /usr/local/include]
  ignore line: [ /usr/include/x86_64-linux-gnu]
  ignore line: [ /usr/include]
  ignore line: [End of search list.]
  ignore line: [GNU C++14 (Ubuntu 9.4.0-1ubuntu1~20.04.1) version 9.4.0 (x86_64-linux-gnu)]
  ignore line: [	compiled by GNU C version 9.4.0  GMP version 6.2.0  MPFR version 4.0.2  MPC version 1.1.0  isl version isl-0.22.1-GMP]
  ignore line: []
  ignore line: [GGC heuristics: --param ggc-min-expand=100 --param ggc-min-heapsize=131072]
  ignore line: [Compiler executable checksum: 65fe925b83d3956b533de4aaba7dace0]
  ignore line: [COLLECT_GCC_OPTIONS='-v' '-o' 'CMakeFiles/cmTC_75bcb.dir/CMakeCXXCompilerABI.cpp.o' '-c' '-shared-libgcc' '-mtune=generic' '-march=x86-64']
  ignore line: [ as -v --64 -o CMakeFiles/cmTC_75bcb.dir/CMakeCXXCompilerABI.cpp.o /tmp/cc86CSEO.s]
  ignore line: [GNU assembler version 2.34 (x86_64-linux-gnu) using BFD version (GNU Binutils for Ubuntu) 2.34]
  ignore line: [COMPILER_PATH=/usr/lib/gcc/x86_64-linux-gnu/9/:/usr/lib/gcc/x86_64-linux-gnu/9/:/usr/lib/gcc/x86_64-linux-gnu/:/usr/lib/gcc/x86_64-linux-gnu/9/:/usr/lib/gcc/x86_64-linux-gnu/]
  ignore line: [LIBRARY_PATH=/usr/lib/gcc/x86_64-linux-gnu/9/:/usr/lib/gcc/x86_64-linux-gnu/9/../../../x86_64-linux-gnu/:/usr/lib/gcc/x86_64-linux-gnu/9/../../../../lib/:/lib/x86_64-linux-gnu/:/lib/../lib/:/usr/lib/x86_64-linux-gnu/:/usr/lib/../lib/:/usr/lib/gcc/x86_64-linux-gnu/9/../../../:/lib/:/usr/lib/]
  ignore line: [COLLECT_GCC_OPTIONS='-v' '-o' 'CMakeFiles/cmTC_75bcb.dir/CMakeCXXCompilerABI.cpp.o' '-c' '-shared-libgcc' '-mtune=generic' '-march=x86-64']
  ignore line: [Linking CXX executable cmTC_75bcb]
  ignore line: [/usr/bin/cmake -E cmake_link_script CMakeFiles/cmTC_75bcb.dir/link.txt --verbose=1]
  ignore line: [/usr/bin/c++      -v CMakeFiles/cmTC_75bcb.dir/CMakeCXXCompilerABI.cpp.o  -o cmTC_75bcb ]
  ignore line: [Using built-in specs.]
  ignore line: [COLLECT_GCC=/usr/bin/c++]
  ignore line: [COLLECT_LTO_WRAPPER=/usr/lib/gcc/x86_64-linux-gnu/9/lto-wrapper]
  ignore line: [OFFLOAD_TARGET_NAMES=nvptx-none:hsa]
  ignore line: [OFFLOAD_TARGET_DEFAULT=1]
  ignore line: [Target: x86_64-linux-gnu]
  ignore line: [Configured with: ../src/configure -v --with-pkgversion='Ubuntu 9.4.0-1ubuntu1~20.04.1' --with-bugurl=file:///usr/share/doc/gcc-9/README.Bugs --enable-languages=c ada c++ go brig d fortran objc obj-c++ gm2 --prefix=/usr --with-gcc-major-version-only --program-suffix=-9 --program-prefix=x86_64-linux-gnu- --enable-shared --enable-linker-build-id --libexecdir=/usr/lib --without-included-gettext --enable-threads=posix --libdir=/usr/lib --enable-nls --enable-clocale=gnu --enable-libstdcxx-debug --enable-libstdcxx-time=yes --with-default-libstdcxx-abi=new --enable-gnu-unique-object --disable-vtable-verify --enable-plugin --enable-default-pie --with-system-zlib --with-target-system-zlib=auto --enable-objc-gc=auto --enable-multiarch --disable-werror --with-arch-32=i686 --with-abi=m64 --with-multilib-list=m32 m64 mx32 --enable-multilib --with-tune=generic --enable-offload-targets=nvptx-none=/build/gcc-9-Av3uEd/gcc-9-9.4.0/debian/tmp-nvptx/usr hsa --without-cuda-driver --enable-checking=release --build=x86_64-linux-gnu --host=x86_64-linux-gnu --target=x86_64-linux-gnu]
  ignore line: [Thread model: posix]
  ignore line: [gcc version 9.4.0 (Ubuntu 9.4.0-1ubuntu1~20.04.1) ]
  ignore line: [COMPILER_PATH=/usr/lib/gcc/x86_64-linux-gnu/9/:/usr/lib/gcc/x86_64-linux-gnu/9/:/usr/lib/gcc/x86_64-linux-gnu/:/usr/lib/gcc/x86_64-linux-gnu/9/:/usr/lib/gcc/x86_64-linux-gnu/]
  ignore line: [LIBRARY_PATH=/usr/lib/gcc/x86_64-linux-gnu/9/:/usr/lib/gcc/x86_64-linux-gnu/9/../../../x86_64-linux-gnu/:/usr/lib/gcc/x86_64-linux-gnu/9/../../../../lib/:/lib/x86_64-linux-gnu/:/lib/../lib/:/usr/lib/x86_64-linux-gnu/:/usr/lib/../lib/:/usr/lib/gcc/x86_64-linux-gnu/9/../../../:/lib/:/usr/lib/]
  ignore line: [COLLECT_GCC_OPTIONS='-v' '-o' 'cmTC_75bcb' '-shared-libgcc' '-mtune=generic' '-march=x86-64']
  link line: [ /usr/lib/gcc/x86_64-linux-gnu/9/collect2 -plugin /usr/lib/gcc/x86_64-linux-gnu/9/liblto_plugin.so -plugin-opt=/usr/lib/gcc/x86_64-linux-gnu/9/lto-wrapper -plugin-opt=-fresolution=/tmp/ccR4trqg.res -plugin-opt=-pass-through=-lgcc_s -plugin-opt=-pass-through=-lgcc -plugin-opt=-pass-through=-lc -plugin-opt=-pass-through=-lgcc_s -plugin-opt=-pass-through=-lgcc --build-id --eh-frame-hdr -m elf_x86_64 --hash-style=gnu --as-needed -dynamic-linker /lib64/ld-linux-x86-64.so.2 -pie -z now -z relro -o cmTC_75bcb /usr/lib/gcc/x86_64-linux-gnu/9/../../../x86_64-linux-gnu/Scrt1.o /usr/lib/gcc/x86_64-linux-gnu/9/../../../x86_64-linux-gnu/crti.o /usr/lib/gcc/x86_64-linux-gnu/9/crtbeginS.o -L/usr/lib/gcc/x86_64-linux-gnu/9 -L/usr/lib/gcc/x86_64-linux-gnu/9/../../../x86_64-linux-gnu -L/usr/lib/gcc/x86_64-linux-gnu/9/../../../../lib -L/lib/x86_64-linux-gnu -L/lib/../lib -L/usr/lib/x86_64-linux-gnu -L/usr/lib/../lib -L/usr/lib/gcc/x86_64-linux-gnu/9/../../.. CMakeFiles/cmTC_75bcb.dir/CMakeCXXCompilerABI.cpp.o -lstdc++ -lm -lgcc_s -lgcc -lc -lgcc_s -lgcc /usr/lib/gcc/x86_64-linux-gnu/9/crtendS.o /usr/lib/gcc/x86_64-linux-gnu/9/../../../x86_64-linux-gnu/crtn.o]
    arg [/usr/lib/gcc/x86_64-linux-gnu/9/collect2] ==> ignore
    arg [-plugin] ==> ignore
    arg [/usr/lib/gcc/x86_64-linux-gnu/9/liblto_plugin.so] ==> ignore
    arg [-plugin-opt=/usr/lib/gcc/x86_64-linux-gnu/9/lto-wrapper] ==> ignore
    arg [-plugin-opt=-fresolution=/tmp/ccR4trqg.res] ==> ignore
    arg [-plugin-opt=-pass-through=-lgcc_s] ==> ignore
    arg [-plugin-opt=-pass-through=-lgcc] ==> ignore
    arg [-plugin-opt=-pass-through=-lc] ==> ignore
    arg [-plugin-opt=-pass-through=-lgcc_s] ==> ignore
    arg [-plugin-opt=-pass-through=-lgcc] ==> ignore
    arg [--build-id] ==> ignore
    arg [--eh-frame-hdr] ==> ignore
    arg [-m] ==> ignore
    arg [elf_x86_64] ==> ignore
    arg [--hash-style=gnu] ==> ignore
    arg [--as-needed] ==> ignore
    arg [-dynamic-linker] ==> ignore
    arg [/lib64/ld-linux-x86-64.so.2] ==> ignore
    arg [-pie] ==> ignore
    arg [-znow] ==> ignore
    arg [-zrelro] ==> ignore
    arg [-o] ==> ignore
    arg [cmTC_75bcb] ==> ignore
    arg [/usr/lib/gcc/x86_64-linux-gnu/9/../../../x86_64-linux-gnu/Scrt1.o] ==> ignore
    arg [/usr/lib/gcc/x86_64-linux-gnu/9/../../../x86_64-linux-gnu/crti.o] ==> ignore
    arg [/usr/lib/gcc/x86_64-linux-gnu/9/crtbeginS.o] ==> ignore
    arg [-L/usr/lib/gcc/x86_64-linux-gnu/9] ==> dir [/usr/lib/gcc/x86_64-linux-gnu/9]
    arg [-L/usr/lib/gcc/x86_64-linux-gnu/9/../../../x86_64-linux-gnu] ==> dir [/usr/lib/gcc/x86_64-linux-gnu/9/../../../x86_64-linux-gnu]
    arg [-L/usr/lib/gcc/x86_64-linux-gnu/9/../../../../lib] ==> dir [/usr/lib/gcc/x86_64-linux-gnu/9/../../../../lib]
    arg [-L/lib/x86_64-linux-gnu] ==> dir [/lib/x86_64-linux-gnu]
    arg [-L/lib/../lib] ==> dir [/lib/../lib]
    arg [-L/usr/lib/x86_64-linux-gnu] ==> dir [/usr/lib/x86_64-linux-gnu]
    arg [-L/usr/lib/../lib] ==> dir [/usr/lib/../lib]
    arg [-L/usr/lib/gcc/x86_64-linux-gnu/9/../../..] ==> dir [/usr/lib/gcc/x86_64-linux-gnu/9/../../..]
    arg [CMakeFiles/cmTC_75bcb.dir/CMakeCXXCompilerABI.cpp.o] ==> ignore
    arg [-lstdc++] ==> lib [stdc++]
    arg [-lm] ==> lib [m]
    arg [-lgcc_s] ==> lib [gcc_s]
    arg [-lgcc] ==> lib [gcc]
    arg [-lc] ==> lib [c]
    arg [-lgcc_s] ==> lib [gcc_s]
    arg [-lgcc] ==> lib [gcc]
    arg [/usr/lib/gcc/x86_64-linux-gnu/9/crtendS.o] ==> ignore
    arg [/usr/lib/gcc/x86_64-linux-gnu/9/../../../x86_64-linux-gnu/crtn.o] ==> ignore
  collapse library dir [/usr/lib/gcc/x86_64-linux-gnu/9] ==> [/usr/lib/gcc/x86_64-linux-gnu/9]
  collapse library dir [/usr/lib/gcc/x86_64-linux-gnu/9/../../../x86_64-linux-gnu] ==> [/usr/lib/x86_64-linux-gnu]
  collapse library dir [/usr/lib/gcc/x86_64-linux-gnu/9/../../../../lib] ==> [/usr/lib]
  collapse library dir [/lib/x86_64-linux-gnu] ==> [/lib/x86_64-linux-gnu]
  collapse library dir [/lib/../lib] ==> [/lib]
  collapse library dir [/usr/lib/x86_64-linux-gnu] ==> [/usr/lib/x86_64-linux-gnu]
  collapse library dir [/usr/lib/../lib] ==> [/usr/lib]
  collapse library dir [/usr/lib/gcc/x86_64-linux-gnu/9/../../..] ==> [/usr/lib]
  implicit libs: [stdc++;m;gcc_s;gcc;c;gcc_s;gcc]
  implicit dirs: [/usr/lib/gcc/x86_64-linux-gnu/9;/usr/lib/x86_64-linux-gnu;/usr/lib;/lib/x86_64-linux-gnu;/lib]
  implicit fwks: []


Performing C SOURCE FILE Test flag_supported succeeded with the following output:
Change Dir: /home/ubuntu/Aravinth/submodle/NEW/build/CMakeFiles/CMakeTmp

Run Build Command(s):/usr/bin/make cmTC_2ccea/fast && /usr/bin/make -f CMakeFiles/cmTC_2ccea.dir/build.make CMakeFiles/cmTC_2ccea.dir/build
make[1]: Entering directory '/home/ubuntu/Aravinth/submodle/NEW/build/CMakeFiles/CMakeTmp'
Building C object CMakeFiles/cmTC_2ccea.dir/src.c.o
/usr/bin/cc   -Dflag_supported   -std=c99 -o CMakeFiles/cmTC_2ccea.dir/src.c.o   -c /home/ubuntu/Aravinth/submodle/NEW/build/CMakeFiles/CMakeTmp/src.c
Linking C executable cmTC_2ccea
/usr/bin/cmake -E cmake_link_script CMakeFiles/cmTC_2ccea.dir/link.txt --verbose=1
/usr/bin/cc  -Dflag_supported    CMakeFiles/cmTC_2ccea.dir/src.c.o  -o cmTC_2ccea 
make[1]: Leaving directory '/home/ubuntu/Aravinth/submodle/NEW/build/CMakeFiles/CMakeTmp'


Source file was:
int main(void) { return 0; }
Performing C SOURCE FILE Test flag_supported succeeded with the following output:
Change Dir: /home/ubuntu/Aravinth/submodle/NEW/build/CMakeFiles/CMakeTmp

Run Build Command(s):/usr/bin/make cmTC_fdf90/fast && /usr/bin/make -f CMakeFiles/cmTC_fdf90.dir/build.make CMakeFiles/cmTC_fdf90.dir/build
make[1]: Entering directory '/home/ubuntu/Aravinth/submodle/NEW/build/CMakeFiles/CMakeTmp'
Building C object CMakeFiles/cmTC_fdf90.dir/src.c.o
/usr/bin/cc   -std=c99 -Dflag_supported   -pipe -o CMakeFiles/cmTC_fdf90.dir/src.c.o   -c /home/ubuntu/Aravinth/submodle/NEW/build/CMakeFiles/CMakeTmp/src.c
Linking C executable cmTC_fdf90
/usr/bin/cmake -E cmake_link_script CMakeFiles/cmTC_fdf90.dir/link.txt --verbose=1
/usr/bin/cc  -std=c99 -Dflag_supported    CMakeFiles/cmTC_fdf90.dir/src.c.o  -o cmTC_fdf90 
make[1]: Leaving directory '/home/ubuntu/Aravinth/submodle/NEW/build/CMakeFiles/CMakeTmp'


Source file was:
int main(void) { return 0; }
Performing C SOURCE FILE Test flag_supported succeeded with the following output:
Change Dir: /home/ubuntu/Aravinth/submodle/NEW/build/CMakeFiles/CMakeTmp

Run Build Command(s):/usr/bin/make cmTC_adb08/fast && /usr/bin/make -f CMakeFiles/cmTC_adb08.dir/build.make CMakeFiles/cmTC_adb08.dir/build
make[1]: Entering directory '/home/ubuntu/Aravinth/submodle/NEW/build/CMakeFiles/CMakeTmp'
Building C object CMakeFiles/cmTC_adb08.dir/src.c.o
/usr/bin/cc   -std=c99 -pipe -Dflag_supported   -Wall -o CMakeFiles/cmTC_adb08.dir/src.c.o   -c /home/ubuntu/Aravinth/submodle/NEW/build/CMakeFiles/CMakeTmp/src.c
Linking C executable cmTC_adb08
/usr/bin/cmake -E cmake_link_script CMakeFiles/cmTC_adb08.dir/link.txt --verbose=1
/usr/bin/cc  -std=c99 -pipe -Dflag_supported    CMakeFiles/cmTC_adb08.dir/src.c.o  -o cmTC_adb08 
make[1]: Leaving directory '/home/ubuntu/Aravinth/submodle/NEW/build/CMakeFiles/CMakeTmp'


Source file was:
int main(void) { return 0; }
Performing C SOURCE FILE Test flag_supported succeeded with the following output:
Change Dir: /home/ubuntu/Aravinth/submodle/NEW/build/CMakeFiles/CMakeTmp

Run Build Command(s):/usr/bin/make cmTC_461f3/fast && /usr/bin/make -f CMakeFiles/cmTC_461f3.dir/build.make CMakeFiles/cmTC_461f3.dir/build
make[1]: Entering directory '/home/ubuntu/Aravinth/submodle/NEW/build/CMakeFiles/CMakeTmp'
Building C object CMakeFiles/cmTC_461f3.dir/src.c.o
/usr/bin/cc   -std=c99 -pipe -Wall -Dflag_supported   -Wextra -o CMakeFiles/cmTC_461f3.dir/src.c.o   -c /home/ubuntu/Aravinth/submodle/NEW/build/CMakeFiles/CMakeTmp/src.c
Linking C executable cmTC_461f3
/usr/bin/cmake -E cmake_link_script CMakeFiles/cmTC_461f3.dir/link.txt --verbose=1
/usr/bin/cc  -std=c99 -pipe -Wall -Dflag_supported    CMakeFiles/cmTC_461f3.dir/src.c.o  -o cmTC_461f3 
make[1]: Leaving directory '/home/ubuntu/Aravinth/submodle/NEW/build/CMakeFiles/CMakeTmp'


Source file was:
int main(void) { return 0; }
Performing C SOURCE FILE Test flag_supported succeeded with the following output:
Change Dir: /home/ubuntu/Aravinth/submodle/NEW/build/CMakeFiles/CMakeTmp

Run Build Command(s):/usr/bin/make cmTC_49b95/fast && /usr/bin/make -f CMakeFiles/cmTC_49b95.dir/build.make CMakeFiles/cmTC_49b95.dir/build
make[1]: Entering directory '/home/ubuntu/Aravinth/submodle/NEW/build/CMakeFiles/CMakeTmp'
Building C object CMakeFiles/cmTC_49b95.dir/src.c.o
/usr/bin/cc   -std=c99 -pipe -Wall -Wextra -Dflag_supported   -Wpedantic -o CMakeFiles/cmTC_49b95.dir/src.c.o   -c /home/ubuntu/Aravinth/submodle/NEW/build/CMakeFiles/CMakeTmp/src.c
Linking C executable cmTC_49b95
/usr/bin/cmake -E cmake_link_script CMakeFiles/cmTC_49b95.dir/link.txt --verbose=1
/usr/bin/cc  -std=c99 -pipe -Wall -Wextra -Dflag_supported    CMakeFiles/cmTC_49b95.dir/src.c.o  -o cmTC_49b95 
make[1]: Leaving directory '/home/ubuntu/Aravinth/submodle/NEW/build/CMakeFiles/CMakeTmp'


Source file was:
int main(void) { return 0; }
Performing C SOURCE FILE Test flag_supported succeeded with the following output:
Change Dir: /home/ubuntu/Aravinth/submodle/NEW/build/CMakeFiles/CMakeTmp

Run Build Command(s):/usr/bin/make cmTC_c1b96/fast && /usr/bin/make -f CMakeFiles/cmTC_c1b96.dir/build.make CMakeFiles/cmTC_c1b96.dir/build
make[1]: Entering directory '/home/ubuntu/Aravinth/submodle/NEW/build/CMakeFiles/CMakeTmp'
Building C object CMakeFiles/cmTC_c1b96.dir/src.c.o
/usr/bin/cc   -std=c99 -pipe -Wall -Wextra -Wpedantic -Dflag_supported   -Werror -o CMakeFiles/cmTC_c1b96.dir/src.c.o   -c /home/ubuntu/Aravinth/submodle/NEW/build/CMakeFiles/CMakeTmp/src.c
Linking C executable cmTC_c1b96
/usr/bin/cmake -E cmake_link_script CMakeFiles/cmTC_c1b96.dir/link.txt --verbose=1
/usr/bin/cc  -std=c99 -pipe -Wall -Wextra -Wpedantic -Dflag_supported    CMakeFiles/cmTC_c1b96.dir/src.c.o  -o cmTC_c1b96 
make[1]: Leaving directory '/home/ubuntu/Aravinth/submodle/NEW/build/CMakeFiles/CMakeTmp'


Source file was:
int main(void) { return 0; }
Performing C SOURCE FILE Test flag_supported succeeded with the following output:
Change Dir: /home/ubuntu/Aravinth/submodle/NEW/build/CMakeFiles/CMakeTmp

Run Build Command(s):/usr/bin/make cmTC_10090/fast && /usr/bin/make -f CMakeFiles/cmTC_10090.dir/build.make CMakeFiles/cmTC_10090.dir/build
make[1]: Entering directory '/home/ubuntu/Aravinth/submodle/NEW/build/CMakeFiles/CMakeTmp'
Building C object CMakeFiles/cmTC_10090.dir/src.c.o
/usr/bin/cc   -std=c99 -pipe -Wall -Wextra -Wpedantic -Werror -Dflag_supported   -Wno-static-in-inline -o CMakeFiles/cmTC_10090.dir/src.c.o   -c /home/ubuntu/Aravinth/submodle/NEW/build/CMakeFiles/CMakeTmp/src.c
Linking C executable cmTC_10090
/usr/bin/cmake -E cmake_link_script CMakeFiles/cmTC_10090.dir/link.txt --verbose=1
/usr/bin/cc  -std=c99 -pipe -Wall -Wextra -Wpedantic -Werror -Dflag_supported    CMakeFiles/cmTC_10090.dir/src.c.o  -o cmTC_10090 
make[1]: Leaving directory '/home/ubuntu/Aravinth/submodle/NEW/build/CMakeFiles/CMakeTmp'


Source file was:
int main(void) { return 0; }
Performing C SOURCE FILE Test flag_supported succeeded with the following output:
Change Dir: /home/ubuntu/Aravinth/submodle/NEW/build/CMakeFiles/CMakeTmp

Run Build Command(s):/usr/bin/make cmTC_437f1/fast && /usr/bin/make -f CMakeFiles/cmTC_437f1.dir/build.make CMakeFiles/cmTC_437f1.dir/build
make[1]: Entering directory '/home/ubuntu/Aravinth/submodle/NEW/build/CMakeFiles/CMakeTmp'
Building C object CMakeFiles/cmTC_437f1.dir/src.c.o
/usr/bin/cc   -std=c99 -pipe -Wall -Wextra -Wpedantic -Werror -Wno-static-in-inline -Dflag_supported   -Wno-overlength-strings -o CMakeFiles/cmTC_437f1.dir/src.c.o   -c /home/ubuntu/Aravinth/submodle/NEW/build/CMakeFiles/CMakeTmp/src.c
Linking C executable cmTC_437f1
/usr/bin/cmake -E cmake_link_script CMakeFiles/cmTC_437f1.dir/link.txt --verbose=1
/usr/bin/cc  -std=c99 -pipe -Wall -Wextra -Wpedantic -Werror -Wno-static-in-inline -Dflag_supported    CMakeFiles/cmTC_437f1.dir/src.c.o  -o cmTC_437f1 
make[1]: Leaving directory '/home/ubuntu/Aravinth/submodle/NEW/build/CMakeFiles/CMakeTmp'


Source file was:
int main(void) { return 0; }
Performing C SOURCE FILE Test flag_supported succeeded with the following output:
Change Dir: /home/ubuntu/Aravinth/submodle/NEW/build/CMakeFiles/CMakeTmp

Run Build Command(s):/usr/bin/make cmTC_bfa83/fast && /usr/bin/make -f CMakeFiles/cmTC_bfa83.dir/build.make CMakeFiles/cmTC_bfa83.dir/build
make[1]: Entering directory '/home/ubuntu/Aravinth/submodle/NEW/build/CMakeFiles/CMakeTmp'
Building C object CMakeFiles/cmTC_bfa83.dir/src.c.o
/usr/bin/cc   -std=c99 -pipe -Wall -Wextra -Wpedantic -Werror -Wno-static-in-inline -Wno-overlength-strings -Dflag_supported   -Wno-unused-parameter -o CMakeFiles/cmTC_bfa83.dir/src.c.o   -c /home/ubuntu/Aravinth/submodle/NEW/build/CMakeFiles/CMakeTmp/src.c
Linking C executable cmTC_bfa83
/usr/bin/cmake -E cmake_link_script CMakeFiles/cmTC_bfa83.dir/link.txt --verbose=1
/usr/bin/cc  -std=c99 -pipe -Wall -Wextra -Wpedantic -Werror -Wno-static-in-inline -Wno-overlength-strings -Dflag_supported    CMakeFiles/cmTC_bfa83.dir/src.c.o  -o cmTC_bfa83 
make[1]: Leaving directory '/home/ubuntu/Aravinth/submodle/NEW/build/CMakeFiles/CMakeTmp'


Source file was:
int main(void) { return 0; }
Performing C SOURCE FILE Test flag_supported succeeded with the following output:
Change Dir: /home/ubuntu/Aravinth/submodle/NEW/build/CMakeFiles/CMakeTmp

Run Build Command(s):/usr/bin/make cmTC_80313/fast && /usr/bin/make -f CMakeFiles/cmTC_80313.dir/build.make CMakeFiles/cmTC_80313.dir/build
make[1]: Entering directory '/home/ubuntu/Aravinth/submodle/NEW/build/CMakeFiles/CMakeTmp'
Building C object CMakeFiles/cmTC_80313.dir/src.c.o
/usr/bin/cc   -std=c99 -pipe -Wall -Wextra -Wpedantic -Werror -Wno-static-in-inline -Wno-overlength-strings -Wno-unused-parameter -Dflag_supported   -Wc++-compat -o CMakeFiles/cmTC_80313.dir/src.c.o   -c /home/ubuntu/Aravinth/submodle/NEW/build/CMakeFiles/CMakeTmp/src.c
Linking C executable cmTC_80313
/usr/bin/cmake -E cmake_link_script CMakeFiles/cmTC_80313.dir/link.txt --verbose=1
/usr/bin/cc  -std=c99 -pipe -Wall -Wextra -Wpedantic -Werror -Wno-static-in-inline -Wno-overlength-strings -Wno-unused-parameter -Dflag_supported    CMakeFiles/cmTC_80313.dir/src.c.o  -o cmTC_80313 
make[1]: Leaving directory '/home/ubuntu/Aravinth/submodle/NEW/build/CMakeFiles/CMakeTmp'


Source file was:
int main(void) { return 0; }
Performing C SOURCE FILE Test flag_supported succeeded with the following output:
Change Dir: /home/ubuntu/Aravinth/submodle/NEW/build/CMakeFiles/CMakeTmp

Run Build Command(s):/usr/bin/make cmTC_49dfa/fast && /usr/bin/make -f CMakeFiles/cmTC_49dfa.dir/build.make CMakeFiles/cmTC_49dfa.dir/build
make[1]: Entering directory '/home/ubuntu/Aravinth/submodle/NEW/build/CMakeFiles/CMakeTmp'
Building C object CMakeFiles/cmTC_49dfa.dir/src.c.o
/usr/bin/cc   -std=c99 -pipe -Wall -Wextra -Wpedantic -Werror -Wno-static-in-inline -Wno-overlength-strings -Wno-unused-parameter -Wc++-compat -Dflag_supported   -Wformat -o CMakeFiles/cmTC_49dfa.dir/src.c.o   -c /home/ubuntu/Aravinth/submodle/NEW/build/CMakeFiles/CMakeTmp/src.c
Linking C executable cmTC_49dfa
/usr/bin/cmake -E cmake_link_script CMakeFiles/cmTC_49dfa.dir/link.txt --verbose=1
/usr/bin/cc  -std=c99 -pipe -Wall -Wextra -Wpedantic -Werror -Wno-static-in-inline -Wno-overlength-strings -Wno-unused-parameter -Wc++-compat -Dflag_supported    CMakeFiles/cmTC_49dfa.dir/src.c.o  -o cmTC_49dfa 
make[1]: Leaving directory '/home/ubuntu/Aravinth/submodle/NEW/build/CMakeFiles/CMakeTmp'


Source file was:
int main(void) { return 0; }
Performing C SOURCE FILE Test flag_supported succeeded with the following output:
Change Dir: /home/ubuntu/Aravinth/submodle/NEW/build/CMakeFiles/CMakeTmp

Run Build Command(s):/usr/bin/make cmTC_65aaa/fast && /usr/bin/make -f CMakeFiles/cmTC_65aaa.dir/build.make CMakeFiles/cmTC_65aaa.dir/build
make[1]: Entering directory '/home/ubuntu/Aravinth/submodle/NEW/build/CMakeFiles/CMakeTmp'
Building C object CMakeFiles/cmTC_65aaa.dir/src.c.o
/usr/bin/cc   -std=c99 -pipe -Wall -Wextra -Wpedantic -Werror -Wno-static-in-inline -Wno-overlength-strings -Wno-unused-parameter -Wc++-compat -Wformat -Dflag_supported   -Wformat-security -o CMakeFiles/cmTC_65aaa.dir/src.c.o   -c /home/ubuntu/Aravinth/submodle/NEW/build/CMakeFiles/CMakeTmp/src.c
Linking C executable cmTC_65aaa
/usr/bin/cmake -E cmake_link_script CMakeFiles/cmTC_65aaa.dir/link.txt --verbose=1
/usr/bin/cc  -std=c99 -pipe -Wall -Wextra -Wpedantic -Werror -Wno-static-in-inline -Wno-overlength-strings -Wno-unused-parameter -Wc++-compat -Wformat -Dflag_supported    CMakeFiles/cmTC_65aaa.dir/src.c.o  -o cmTC_65aaa 
make[1]: Leaving directory '/home/ubuntu/Aravinth/submodle/NEW/build/CMakeFiles/CMakeTmp'


Source file was:
int main(void) { return 0; }
Performing C SOURCE FILE Test flag_supported succeeded with the following output:
Change Dir: /home/ubuntu/Aravinth/submodle/NEW/build/CMakeFiles/CMakeTmp

Run Build Command(s):/usr/bin/make cmTC_195b3/fast && /usr/bin/make -f CMakeFiles/cmTC_195b3.dir/build.make CMakeFiles/cmTC_195b3.dir/build
make[1]: Entering directory '/home/ubuntu/Aravinth/submodle/NEW/build/CMakeFiles/CMakeTmp'
Building C object CMakeFiles/cmTC_195b3.dir/src.c.o
/usr/bin/cc   -std=c99 -pipe -Wall -Wextra -Wpedantic -Werror -Wno-static-in-inline -Wno-overlength-strings -Wno-unused-parameter -Wc++-compat -Wformat -Wformat-security -Dflag_supported   -Wformat-nonliteral -o CMakeFiles/cmTC_195b3.dir/src.c.o   -c /home/ubuntu/Aravinth/submodle/NEW/build/CMakeFiles/CMakeTmp/src.c
Linking C executable cmTC_195b3
/usr/bin/cmake -E cmake_link_script CMakeFiles/cmTC_195b3.dir/link.txt --verbose=1
/usr/bin/cc  -std=c99 -pipe -Wall -Wextra -Wpedantic -Werror -Wno-static-in-inline -Wno-overlength-strings -Wno-unused-parameter -Wc++-compat -Wformat -Wformat-security -Dflag_supported    CMakeFiles/cmTC_195b3.dir/src.c.o  -o cmTC_195b3 
make[1]: Leaving directory '/home/ubuntu/Aravinth/submodle/NEW/build/CMakeFiles/CMakeTmp'


Source file was:
int main(void) { return 0; }
Performing C SOURCE FILE Test flag_supported succeeded with the following output:
Change Dir: /home/ubuntu/Aravinth/submodle/NEW/build/CMakeFiles/CMakeTmp

Run Build Command(s):/usr/bin/make cmTC_92646/fast && /usr/bin/make -f CMakeFiles/cmTC_92646.dir/build.make CMakeFiles/cmTC_92646.dir/build
make[1]: Entering directory '/home/ubuntu/Aravinth/submodle/NEW/build/CMakeFiles/CMakeTmp'
Building C object CMakeFiles/cmTC_92646.dir/src.c.o
/usr/bin/cc   -std=c99 -pipe -Wall -Wextra -Wpedantic -Werror -Wno-static-in-inline -Wno-overlength-strings -Wno-unused-parameter -Wc++-compat -Wformat -Wformat-security -Wformat-nonliteral -Dflag_supported   -Wmissing-prototypes -o CMakeFiles/cmTC_92646.dir/src.c.o   -c /home/ubuntu/Aravinth/submodle/NEW/build/CMakeFiles/CMakeTmp/src.c
Linking C executable cmTC_92646
/usr/bin/cmake -E cmake_link_script CMakeFiles/cmTC_92646.dir/link.txt --verbose=1
/usr/bin/cc  -std=c99 -pipe -Wall -Wextra -Wpedantic -Werror -Wno-static-in-inline -Wno-overlength-strings -Wno-unused-parameter -Wc++-compat -Wformat -Wformat-security -Wformat-nonliteral -Dflag_supported    CMakeFiles/cmTC_92646.dir/src.c.o  -o cmTC_92646 
make[1]: Leaving directory '/home/ubuntu/Aravinth/submodle/NEW/build/CMakeFiles/CMakeTmp'


Source file was:
int main(void) { return 0; }
Performing C SOURCE FILE Test flag_supported succeeded with the following output:
Change Dir: /home/ubuntu/Aravinth/submodle/NEW/build/CMakeFiles/CMakeTmp

Run Build Command(s):/usr/bin/make cmTC_e8082/fast && /usr/bin/make -f CMakeFiles/cmTC_e8082.dir/build.make CMakeFiles/cmTC_e8082.dir/build
make[1]: Entering directory '/home/ubuntu/Aravinth/submodle/NEW/build/CMakeFiles/CMakeTmp'
Building C object CMakeFiles/cmTC_e8082.dir/src.c.o
/usr/bin/cc   -std=c99 -pipe -Wall -Wextra -Wpedantic -Werror -Wno-static-in-inline -Wno-overlength-strings -Wno-unused-parameter -Wc++-compat -Wformat -Wformat-security -Wformat-nonliteral -Wmissing-prototypes -Dflag_supported   -Wstrict-prototypes -o CMakeFiles/cmTC_e8082.dir/src.c.o   -c /home/ubuntu/Aravinth/submodle/NEW/build/CMakeFiles/CMakeTmp/src.c
Linking C executable cmTC_e8082
/usr/bin/cmake -E cmake_link_script CMakeFiles/cmTC_e8082.dir/link.txt --verbose=1
/usr/bin/cc  -std=c99 -pipe -Wall -Wextra -Wpedantic -Werror -Wno-static-in-inline -Wno-overlength-strings -Wno-unused-parameter -Wc++-compat -Wformat -Wformat-security -Wformat-nonliteral -Wmissing-prototypes -Dflag_supported    CMakeFiles/cmTC_e8082.dir/src.c.o  -o cmTC_e8082 
make[1]: Leaving directory '/home/ubuntu/Aravinth/submodle/NEW/build/CMakeFiles/CMakeTmp'


Source file was:
int main(void) { return 0; }
Performing C SOURCE FILE Test flag_supported succeeded with the following output:
Change Dir: /home/ubuntu/Aravinth/submodle/NEW/build/CMakeFiles/CMakeTmp

Run Build Command(s):/usr/bin/make cmTC_24446/fast && /usr/bin/make -f CMakeFiles/cmTC_24446.dir/build.make CMakeFiles/cmTC_24446.dir/build
make[1]: Entering directory '/home/ubuntu/Aravinth/submodle/NEW/build/CMakeFiles/CMakeTmp'
Building C object CMakeFiles/cmTC_24446.dir/src.c.o
/usr/bin/cc   -std=c99 -pipe -Wall -Wextra -Wpedantic -Werror -Wno-static-in-inline -Wno-overlength-strings -Wno-unused-parameter -Wc++-compat -Wformat -Wformat-security -Wformat-nonliteral -Wmissing-prototypes -Wstrict-prototypes -Dflag_supported   -Wredundant-decls -o CMakeFiles/cmTC_24446.dir/src.c.o   -c /home/ubuntu/Aravinth/submodle/NEW/build/CMakeFiles/CMakeTmp/src.c
Linking C executable cmTC_24446
/usr/bin/cmake -E cmake_link_script CMakeFiles/cmTC_24446.dir/link.txt --verbose=1
/usr/bin/cc  -std=c99 -pipe -Wall -Wextra -Wpedantic -Werror -Wno-static-in-inline -Wno-overlength-strings -Wno-unused-parameter -Wc++-compat -Wformat -Wformat-security -Wformat-nonliteral -Wmissing-prototypes -Wstrict-prototypes -Dflag_supported    CMakeFiles/cmTC_24446.dir/src.c.o  -o cmTC_24446 
make[1]: Leaving directory '/home/ubuntu/Aravinth/submodle/NEW/build/CMakeFiles/CMakeTmp'


Source file was:
int main(void) { return 0; }
Performing C SOURCE FILE Test flag_supported succeeded with the following output:
Change Dir: /home/ubuntu/Aravinth/submodle/NEW/build/CMakeFiles/CMakeTmp

Run Build Command(s):/usr/bin/make cmTC_91b1f/fast && /usr/bin/make -f CMakeFiles/cmTC_91b1f.dir/build.make CMakeFiles/cmTC_91b1f.dir/build
make[1]: Entering directory '/home/ubuntu/Aravinth/submodle/NEW/build/CMakeFiles/CMakeTmp'
Building C object CMakeFiles/cmTC_91b1f.dir/src.c.o
/usr/bin/cc   -std=c99 -pipe -Wall -Wextra -Wpedantic -Werror -Wno-static-in-inline -Wno-overlength-strings -Wno-unused-parameter -Wc++-compat -Wformat -Wformat-security -Wformat-nonliteral -Wmissing-prototypes -Wstrict-prototypes -Wredundant-decls -Dflag_supported   -Wuninitialized -o CMakeFiles/cmTC_91b1f.dir/src.c.o   -c /home/ubuntu/Aravinth/submodle/NEW/build/CMakeFiles/CMakeTmp/src.c
Linking C executable cmTC_91b1f
/usr/bin/cmake -E cmake_link_script CMakeFiles/cmTC_91b1f.dir/link.txt --verbose=1
/usr/bin/cc  -std=c99 -pipe -Wall -Wextra -Wpedantic -Werror -Wno-static-in-inline -Wno-overlength-strings -Wno-unused-parameter -Wc++-compat -Wformat -Wformat-security -Wformat-nonliteral -Wmissing-prototypes -Wstrict-prototypes -Wredundant-decls -Dflag_supported    CMakeFiles/cmTC_91b1f.dir/src.c.o  -o cmTC_91b1f 
make[1]: Leaving directory '/home/ubuntu/Aravinth/submodle/NEW/build/CMakeFiles/CMakeTmp'


Source file was:
int main(void) { return 0; }
Performing C SOURCE FILE Test flag_supported succeeded with the following output:
Change Dir: /home/ubuntu/Aravinth/submodle/NEW/build/CMakeFiles/CMakeTmp

Run Build Command(s):/usr/bin/make cmTC_ce728/fast && /usr/bin/make -f CMakeFiles/cmTC_ce728.dir/build.make CMakeFiles/cmTC_ce728.dir/build
make[1]: Entering directory '/home/ubuntu/Aravinth/submodle/NEW/build/CMakeFiles/CMakeTmp'
Building C object CMakeFiles/cmTC_ce728.dir/src.c.o
/usr/bin/cc   -std=c99 -pipe -Wall -Wextra -Wpedantic -Werror -Wno-static-in-inline -Wno-overlength-strings -Wno-unused-parameter -Wc++-compat -Wformat -Wformat-security -Wformat-nonliteral -Wmissing-prototypes -Wstrict-prototypes -Wredundant-decls -Wuninitialized -Dflag_supported   -Winit-self -o CMakeFiles/cmTC_ce728.dir/src.c.o   -c /home/ubuntu/Aravinth/submodle/NEW/build/CMakeFiles/CMakeTmp/src.c
Linking C executable cmTC_ce728
/usr/bin/cmake -E cmake_link_script CMakeFiles/cmTC_ce728.dir/link.txt --verbose=1
/usr/bin/cc  -std=c99 -pipe -Wall -Wextra -Wpedantic -Werror -Wno-static-in-inline -Wno-overlength-strings -Wno-unused-parameter -Wc++-compat -Wformat -Wformat-security -Wformat-nonliteral -Wmissing-prototypes -Wstrict-prototypes -Wredundant-decls -Wuninitialized -Dflag_supported    CMakeFiles/cmTC_ce728.dir/src.c.o  -o cmTC_ce728 
make[1]: Leaving directory '/home/ubuntu/Aravinth/submodle/NEW/build/CMakeFiles/CMakeTmp'


Source file was:
int main(void) { return 0; }
Performing C SOURCE FILE Test flag_supported succeeded with the following output:
Change Dir: /home/ubuntu/Aravinth/submodle/NEW/build/CMakeFiles/CMakeTmp

Run Build Command(s):/usr/bin/make cmTC_cbb69/fast && /usr/bin/make -f CMakeFiles/cmTC_cbb69.dir/build.make CMakeFiles/cmTC_cbb69.dir/build
make[1]: Entering directory '/home/ubuntu/Aravinth/submodle/NEW/build/CMakeFiles/CMakeTmp'
Building C object CMakeFiles/cmTC_cbb69.dir/src.c.o
/usr/bin/cc   -std=c99 -pipe -Wall -Wextra -Wpedantic -Werror -Wno-static-in-inline -Wno-overlength-strings -Wno-unused-parameter -Wc++-compat -Wformat -Wformat-security -Wformat-nonliteral -Wmissing-prototypes -Wstrict-prototypes -Wredundant-decls -Wuninitialized -Winit-self -Dflag_supported   -Wcast-qual -o CMakeFiles/cmTC_cbb69.dir/src.c.o   -c /home/ubuntu/Aravinth/submodle/NEW/build/CMakeFiles/CMakeTmp/src.c
Linking C executable cmTC_cbb69
/usr/bin/cmake -E cmake_link_script CMakeFiles/cmTC_cbb69.dir/link.txt --verbose=1
/usr/bin/cc  -std=c99 -pipe -Wall -Wextra -Wpedantic -Werror -Wno-static-in-inline -Wno-overlength-strings -Wno-unused-parameter -Wc++-compat -Wformat -Wformat-security -Wformat-nonliteral -Wmissing-prototypes -Wstrict-prototypes -Wredundant-decls -Wuninitialized -Winit-self -Dflag_supported    CMakeFiles/cmTC_cbb69.dir/src.c.o  -o cmTC_cbb69 
make[1]: Leaving directory '/home/ubuntu/Aravinth/submodle/NEW/build/CMakeFiles/CMakeTmp'


Source file was:
int main(void) { return 0; }
Performing C SOURCE FILE Test flag_supported succeeded with the following output:
Change Dir: /home/ubuntu/Aravinth/submodle/NEW/build/CMakeFiles/CMakeTmp

Run Build Command(s):/usr/bin/make cmTC_846ab/fast && /usr/bin/make -f CMakeFiles/cmTC_846ab.dir/build.make CMakeFiles/cmTC_846ab.dir/build
make[1]: Entering directory '/home/ubuntu/Aravinth/submodle/NEW/build/CMakeFiles/CMakeTmp'
Building C object CMakeFiles/cmTC_846ab.dir/src.c.o
/usr/bin/cc   -std=c99 -pipe -Wall -Wextra -Wpedantic -Werror -Wno-static-in-inline -Wno-overlength-strings -Wno-unused-parameter -Wc++-compat -Wformat -Wformat-security -Wformat-nonliteral -Wmissing-prototypes -Wstrict-prototypes -Wredundant-decls -Wuninitialized -Winit-self -Wcast-qual -Dflag_supported   -Wstrict-overflow -o CMakeFiles/cmTC_846ab.dir/src.c.o   -c /home/ubuntu/Aravinth/submodle/NEW/build/CMakeFiles/CMakeTmp/src.c
Linking C executable cmTC_846ab
/usr/bin/cmake -E cmake_link_script CMakeFiles/cmTC_846ab.dir/link.txt --verbose=1
/usr/bin/cc  -std=c99 -pipe -Wall -Wextra -Wpedantic -Werror -Wno-static-in-inline -Wno-overlength-strings -Wno-unused-parameter -Wc++-compat -Wformat -Wformat-security -Wformat-nonliteral -Wmissing-prototypes -Wstrict-prototypes -Wredundant-decls -Wuninitialized -Winit-self -Wcast-qual -Dflag_supported    CMakeFiles/cmTC_846ab.dir/src.c.o  -o cmTC_846ab 
make[1]: Leaving directory '/home/ubuntu/Aravinth/submodle/NEW/build/CMakeFiles/CMakeTmp'


Source file was:
int main(void) { return 0; }
Performing C SOURCE FILE Test flag_supported succeeded with the following output:
Change Dir: /home/ubuntu/Aravinth/submodle/NEW/build/CMakeFiles/CMakeTmp

Run Build Command(s):/usr/bin/make cmTC_37f59/fast && /usr/bin/make -f CMakeFiles/cmTC_37f59.dir/build.make CMakeFiles/cmTC_37f59.dir/build
make[1]: Entering directory '/home/ubuntu/Aravinth/submodle/NEW/build/CMakeFiles/CMakeTmp'
Building C object CMakeFiles/cmTC_37f59.dir/src.c.o
/usr/bin/cc   -std=c99 -pipe -Wall -Wextra -Wpedantic -Werror -Wno-static-in-inline -Wno-overlength-strings -Wno-unused-parameter -Wc++-compat -Wformat -Wformat-security -Wformat-nonliteral -Wmissing-prototypes -Wstrict-prototypes -Wredundant-decls -Wuninitialized -Winit-self -Wcast-qual -Wstrict-overflow -Dflag_supported   -Wnested-externs -o CMakeFiles/cmTC_37f59.dir/src.c.o   -c /home/ubuntu/Aravinth/submodle/NEW/build/CMakeFiles/CMakeTmp/src.c
Linking C executable cmTC_37f59
/usr/bin/cmake -E cmake_link_script CMakeFiles/cmTC_37f59.dir/link.txt --verbose=1
/usr/bin/cc  -std=c99 -pipe -Wall -Wextra -Wpedantic -Werror -Wno-static-in-inline -Wno-overlength-strings -Wno-unused-parameter -Wc++-compat -Wformat -Wformat-security -Wformat-nonliteral -Wmissing-prototypes -Wstrict-prototypes -Wredundant-decls -Wuninitialized -Winit-self -Wcast-qual -Wstrict-overflow -Dflag_supported    CMakeFiles/cmTC_37f59.dir/src.c.o  -o cmTC_37f59 
make[1]: Leaving directory '/home/ubuntu/Aravinth/submodle/NEW/build/CMakeFiles/CMakeTmp'


Source file was:
int main(void) { return 0; }
Performing C SOURCE FILE Test flag_supported succeeded with the following output:
Change Dir: /home/ubuntu/Aravinth/submodle/NEW/build/CMakeFiles/CMakeTmp

Run Build Command(s):/usr/bin/make cmTC_a0532/fast && /usr/bin/make -f CMakeFiles/cmTC_a0532.dir/build.make CMakeFiles/cmTC_a0532.dir/build
make[1]: Entering directory '/home/ubuntu/Aravinth/submodle/NEW/build/CMakeFiles/CMakeTmp'
Building C object CMakeFiles/cmTC_a0532.dir/src.c.o
/usr/bin/cc   -std=c99 -pipe -Wall -Wextra -Wpedantic -Werror -Wno-static-in-inline -Wno-overlength-strings -Wno-unused-parameter -Wc++-compat -Wformat -Wformat-security -Wformat-nonliteral -Wmissing-prototypes -Wstrict-prototypes -Wredundant-decls -Wuninitialized -Winit-self -Wcast-qual -Wstrict-overflow -Wnested-externs -Dflag_supported   -Wmultichar -o CMakeFiles/cmTC_a0532.dir/src.c.o   -c /home/ubuntu/Aravinth/submodle/NEW/build/CMakeFiles/CMakeTmp/src.c
Linking C executable cmTC_a0532
/usr/bin/cmake -E cmake_link_script CMakeFiles/cmTC_a0532.dir/link.txt --verbose=1
/usr/bin/cc  -std=c99 -pipe -Wall -Wextra -Wpedantic -Werror -Wno-static-in-inline -Wno-overlength-strings -Wno-unused-parameter -Wc++-compat -Wformat -Wformat-security -Wformat-nonliteral -Wmissing-prototypes -Wstrict-prototypes -Wredundant-decls -Wuninitialized -Winit-self -Wcast-qual -Wstrict-overflow -Wnested-externs -Dflag_supported    CMakeFiles/cmTC_a0532.dir/src.c.o  -o cmTC_a0532 
make[1]: Leaving directory '/home/ubuntu/Aravinth/submodle/NEW/build/CMakeFiles/CMakeTmp'


Source file was:
int main(void) { return 0; }
Performing C SOURCE FILE Test flag_supported succeeded with the following output:
Change Dir: /home/ubuntu/Aravinth/submodle/NEW/build/CMakeFiles/CMakeTmp

Run Build Command(s):/usr/bin/make cmTC_cf983/fast && /usr/bin/make -f CMakeFiles/cmTC_cf983.dir/build.make CMakeFiles/cmTC_cf983.dir/build
make[1]: Entering directory '/home/ubuntu/Aravinth/submodle/NEW/build/CMakeFiles/CMakeTmp'
Building C object CMakeFiles/cmTC_cf983.dir/src.c.o
/usr/bin/cc   -std=c99 -pipe -Wall -Wextra -Wpedantic -Werror -Wno-static-in-inline -Wno-overlength-strings -Wno-unused-parameter -Wc++-compat -Wformat -Wformat-security -Wformat-nonliteral -Wmissing-prototypes -Wstrict-prototypes -Wredundant-decls -Wuninitialized -Winit-self -Wcast-qual -Wstrict-overflow -Wnested-externs -Wmultichar -Dflag_supported   -Wundef -o CMakeFiles/cmTC_cf983.dir/src.c.o   -c /home/ubuntu/Aravinth/submodle/NEW/build/CMakeFiles/CMakeTmp/src.c
Linking C executable cmTC_cf983
/usr/bin/cmake -E cmake_link_script CMakeFiles/cmTC_cf983.dir/link.txt --verbose=1
/usr/bin/cc  -std=c99 -pipe -Wall -Wextra -Wpedantic -Werror -Wno-static-in-inline -Wno-overlength-strings -Wno-unused-parameter -Wc++-compat -Wformat -Wformat-security -Wformat-nonliteral -Wmissing-prototypes -Wstrict-prototypes -Wredundant-decls -Wuninitialized -Winit-self -Wcast-qual -Wstrict-overflow -Wnested-externs -Wmultichar -Dflag_supported    CMakeFiles/cmTC_cf983.dir/src.c.o  -o cmTC_cf983 
make[1]: Leaving directory '/home/ubuntu/Aravinth/submodle/NEW/build/CMakeFiles/CMakeTmp'


Source file was:
int main(void) { return 0; }
Performing C SOURCE FILE Test flag_supported succeeded with the following output:
Change Dir: /home/ubuntu/Aravinth/submodle/NEW/build/CMakeFiles/CMakeTmp

Run Build Command(s):/usr/bin/make cmTC_623fb/fast && /usr/bin/make -f CMakeFiles/cmTC_623fb.dir/build.make CMakeFiles/cmTC_623fb.dir/build
make[1]: Entering directory '/home/ubuntu/Aravinth/submodle/NEW/build/CMakeFiles/CMakeTmp'
Building C object CMakeFiles/cmTC_623fb.dir/src.c.o
/usr/bin/cc   -std=c99 -pipe -Wall -Wextra -Wpedantic -Werror -Wno-static-in-inline -Wno-overlength-strings -Wno-unused-parameter -Wc++-compat -Wformat -Wformat-security -Wformat-nonliteral -Wmissing-prototypes -Wstrict-prototypes -Wredundant-decls -Wuninitialized -Winit-self -Wcast-qual -Wstrict-overflow -Wnested-externs -Wmultichar -Wundef -Dflag_supported   -fno-strict-aliasing -o CMakeFiles/cmTC_623fb.dir/src.c.o   -c /home/ubuntu/Aravinth/submodle/NEW/build/CMakeFiles/CMakeTmp/src.c
Linking C executable cmTC_623fb
/usr/bin/cmake -E cmake_link_script CMakeFiles/cmTC_623fb.dir/link.txt --verbose=1
/usr/bin/cc  -std=c99 -pipe -Wall -Wextra -Wpedantic -Werror -Wno-static-in-inline -Wno-overlength-strings -Wno-unused-parameter -Wc++-compat -Wformat -Wformat-security -Wformat-nonliteral -Wmissing-prototypes -Wstrict-prototypes -Wredundant-decls -Wuninitialized -Winit-self -Wcast-qual -Wstrict-overflow -Wnested-externs -Wmultichar -Wundef -Dflag_supported    CMakeFiles/cmTC_623fb.dir/src.c.o  -o cmTC_623fb 
make[1]: Leaving directory '/home/ubuntu/Aravinth/submodle/NEW/build/CMakeFiles/CMakeTmp'


Source file was:
int main(void) { return 0; }
Performing C SOURCE FILE Test flag_supported succeeded with the following output:
Change Dir: /home/ubuntu/Aravinth/submodle/NEW/build/CMakeFiles/CMakeTmp

Run Build Command(s):/usr/bin/make cmTC_4766b/fast && /usr/bin/make -f CMakeFiles/cmTC_4766b.dir/build.make CMakeFiles/cmTC_4766b.dir/build
make[1]: Entering directory '/home/ubuntu/Aravinth/submodle/NEW/build/CMakeFiles/CMakeTmp'
Building C object CMakeFiles/cmTC_4766b.dir/src.c.o
/usr/bin/cc   -std=c99 -pipe -Wall -Wextra -Wpedantic -Werror -Wno-static-in-inline -Wno-overlength-strings -Wno-unused-parameter -Wc++-compat -Wformat -Wformat-security -Wformat-nonliteral -Wmissing-prototypes -Wstrict-prototypes -Wredundant-decls -Wuninitialized -Winit-self -Wcast-qual -Wstrict-overflow -Wnested-externs -Wmultichar -Wundef -fno-strict-aliasing -Dflag_supported   -fexceptions -o CMakeFiles/cmTC_4766b.dir/src.c.o   -c /home/ubuntu/Aravinth/submodle/NEW/build/CMakeFiles/CMakeTmp/src.c
Linking C executable cmTC_4766b
/usr/bin/cmake -E cmake_link_script CMakeFiles/cmTC_4766b.dir/link.txt --verbose=1
/usr/bin/cc  -std=c99 -pipe -Wall -Wextra -Wpedantic -Werror -Wno-static-in-inline -Wno-overlength-strings -Wno-unused-parameter -Wc++-compat -Wformat -Wformat-security -Wformat-nonliteral -Wmissing-prototypes -Wstrict-prototypes -Wredundant-decls -Wuninitialized -Winit-self -Wcast-qual -Wstrict-overflow -Wnested-externs -Wmultichar -Wundef -fno-strict-aliasing -Dflag_supported    CMakeFiles/cmTC_4766b.dir/src.c.o  -o cmTC_4766b 
make[1]: Leaving directory '/home/ubuntu/Aravinth/submodle/NEW/build/CMakeFiles/CMakeTmp'


Source file was:
int main(void) { return 0; }
Performing C SOURCE FILE Test flag_supported succeeded with the following output:
Change Dir: /home/ubuntu/Aravinth/submodle/NEW/build/CMakeFiles/CMakeTmp

Run Build Command(s):/usr/bin/make cmTC_47fcb/fast && /usr/bin/make -f CMakeFiles/cmTC_47fcb.dir/build.make CMakeFiles/cmTC_47fcb.dir/build
make[1]: Entering directory '/home/ubuntu/Aravinth/submodle/NEW/build/CMakeFiles/CMakeTmp'
Building C object CMakeFiles/cmTC_47fcb.dir/src.c.o
/usr/bin/cc   -std=c99 -pipe -Wall -Wextra -Wpedantic -Werror -Wno-static-in-inline -Wno-overlength-strings -Wno-unused-parameter -Wc++-compat -Wformat -Wformat-security -Wformat-nonliteral -Wmissing-prototypes -Wstrict-prototypes -Wredundant-decls -Wuninitialized -Winit-self -Wcast-qual -Wstrict-overflow -Wnested-externs -Wmultichar -Wundef -fno-strict-aliasing -fexceptions -Dflag_supported   -pthread -o CMakeFiles/cmTC_47fcb.dir/src.c.o   -c /home/ubuntu/Aravinth/submodle/NEW/build/CMakeFiles/CMakeTmp/src.c
Linking C executable cmTC_47fcb
/usr/bin/cmake -E cmake_link_script CMakeFiles/cmTC_47fcb.dir/link.txt --verbose=1
/usr/bin/cc  -std=c99 -pipe -Wall -Wextra -Wpedantic -Werror -Wno-static-in-inline -Wno-overlength-strings -Wno-unused-parameter -Wc++-compat -Wformat -Wformat-security -Wformat-nonliteral -Wmissing-prototypes -Wstrict-prototypes -Wredundant-decls -Wuninitialized -Winit-self -Wcast-qual -Wstrict-overflow -Wnested-externs -Wmultichar -Wundef -fno-strict-aliasing -fexceptions -Dflag_supported    CMakeFiles/cmTC_47fcb.dir/src.c.o  -o cmTC_47fcb 
make[1]: Leaving directory '/home/ubuntu/Aravinth/submodle/NEW/build/CMakeFiles/CMakeTmp'


Source file was:
int main(void) { return 0; }
Performing C SOURCE FILE Test flag_supported succeeded with the following output:
Change Dir: /home/ubuntu/Aravinth/submodle/NEW/build/CMakeFiles/CMakeTmp

Run Build Command(s):/usr/bin/make cmTC_3e639/fast && /usr/bin/make -f CMakeFiles/cmTC_3e639.dir/build.make CMakeFiles/cmTC_3e639.dir/build
make[1]: Entering directory '/home/ubuntu/Aravinth/submodle/NEW/build/CMakeFiles/CMakeTmp'
Building C object CMakeFiles/cmTC_3e639.dir/src.c.o
/usr/bin/cc   -std=c99 -pipe -Wall -Wextra -Wpedantic -Werror -Wno-static-in-inline -Wno-overlength-strings -Wno-unused-parameter -Wc++-compat -Wformat -Wformat-security -Wformat-nonliteral -Wmissing-prototypes -Wstrict-prototypes -Wredundant-decls -Wuninitialized -Winit-self -Wcast-qual -Wstrict-overflow -Wnested-externs -Wmultichar -Wundef -fno-strict-aliasing -fexceptions -pthread -Dflag_supported   -fstack-protector-strong -o CMakeFiles/cmTC_3e639.dir/src.c.o   -c /home/ubuntu/Aravinth/submodle/NEW/build/CMakeFiles/CMakeTmp/src.c
Linking C executable cmTC_3e639
/usr/bin/cmake -E cmake_link_script CMakeFiles/cmTC_3e639.dir/link.txt --verbose=1
/usr/bin/cc  -std=c99 -pipe -Wall -Wextra -Wpedantic -Werror -Wno-static-in-inline -Wno-overlength-strings -Wno-unused-parameter -Wc++-compat -Wformat -Wformat-security -Wformat-nonliteral -Wmissing-prototypes -Wstrict-prototypes -Wredundant-decls -Wuninitialized -Winit-self -Wcast-qual -Wstrict-overflow -Wnested-externs -Wmultichar -Wundef -fno-strict-aliasing -fexceptions -pthread -Dflag_supported    CMakeFiles/cmTC_3e639.dir/src.c.o  -o cmTC_3e639 
make[1]: Leaving directory '/home/ubuntu/Aravinth/submodle/NEW/build/CMakeFiles/CMakeTmp'


Source file was:
int main(void) { return 0; }
Performing C SOURCE FILE Test flag_supported succeeded with the following output:
Change Dir: /home/ubuntu/Aravinth/submodle/NEW/build/CMakeFiles/CMakeTmp

Run Build Command(s):/usr/bin/make cmTC_03e7c/fast && /usr/bin/make -f CMakeFiles/cmTC_03e7c.dir/build.make CMakeFiles/cmTC_03e7c.dir/build
make[1]: Entering directory '/home/ubuntu/Aravinth/submodle/NEW/build/CMakeFiles/CMakeTmp'
Building C object CMakeFiles/cmTC_03e7c.dir/src.c.o
/usr/bin/cc   -std=c99 -pipe -Wall -Wextra -Wpedantic -Werror -Wno-static-in-inline -Wno-overlength-strings -Wno-unused-parameter -Wc++-compat -Wformat -Wformat-security -Wformat-nonliteral -Wmissing-prototypes -Wstrict-prototypes -Wredundant-decls -Wuninitialized -Winit-self -Wcast-qual -Wstrict-overflow -Wnested-externs -Wmultichar -Wundef -fno-strict-aliasing -fexceptions -pthread -fstack-protector-strong -Dflag_supported   -fstack-clash-protection -o CMakeFiles/cmTC_03e7c.dir/src.c.o   -c /home/ubuntu/Aravinth/submodle/NEW/build/CMakeFiles/CMakeTmp/src.c
Linking C executable cmTC_03e7c
/usr/bin/cmake -E cmake_link_script CMakeFiles/cmTC_03e7c.dir/link.txt --verbose=1
/usr/bin/cc  -std=c99 -pipe -Wall -Wextra -Wpedantic -Werror -Wno-static-in-inline -Wno-overlength-strings -Wno-unused-parameter -Wc++-compat -Wformat -Wformat-security -Wformat-nonliteral -Wmissing-prototypes -Wstrict-prototypes -Wredundant-decls -Wuninitialized -Winit-self -Wcast-qual -Wstrict-overflow -Wnested-externs -Wmultichar -Wundef -fno-strict-aliasing -fexceptions -pthread -fstack-protector-strong -Dflag_supported    CMakeFiles/cmTC_03e7c.dir/src.c.o  -o cmTC_03e7c 
make[1]: Leaving directory '/home/ubuntu/Aravinth/submodle/NEW/build/CMakeFiles/CMakeTmp'


Source file was:
int main(void) { return 0; }
Performing C SOURCE FILE Test flag_supported succeeded with the following output:
Change Dir: /home/ubuntu/Aravinth/submodle/NEW/build/CMakeFiles/CMakeTmp

Run Build Command(s):/usr/bin/make cmTC_81e82/fast && /usr/bin/make -f CMakeFiles/cmTC_81e82.dir/build.make CMakeFiles/cmTC_81e82.dir/build
make[1]: Entering directory '/home/ubuntu/Aravinth/submodle/NEW/build/CMakeFiles/CMakeTmp'
Building C object CMakeFiles/cmTC_81e82.dir/src.c.o
/usr/bin/cc   -std=c99 -pipe -Wall -Wextra -Wpedantic -Werror -Wno-static-in-inline -Wno-overlength-strings -Wno-unused-parameter -Wc++-compat -Wformat -Wformat-security -Wformat-nonliteral -Wmissing-prototypes -Wstrict-prototypes -Wredundant-decls -Wuninitialized -Winit-self -Wcast-qual -Wstrict-overflow -Wnested-externs -Wmultichar -Wundef -fno-strict-aliasing -fexceptions -pthread -fstack-protector-strong -fstack-clash-protection -Dflag_supported   -fcf-protection -o CMakeFiles/cmTC_81e82.dir/src.c.o   -c /home/ubuntu/Aravinth/submodle/NEW/build/CMakeFiles/CMakeTmp/src.c
Linking C executable cmTC_81e82
/usr/bin/cmake -E cmake_link_script CMakeFiles/cmTC_81e82.dir/link.txt --verbose=1
/usr/bin/cc  -std=c99 -pipe -Wall -Wextra -Wpedantic -Werror -Wno-static-in-inline -Wno-overlength-strings -Wno-unused-parameter -Wc++-compat -Wformat -Wformat-security -Wformat-nonliteral -Wmissing-prototypes -Wstrict-prototypes -Wredundant-decls -Wuninitialized -Winit-self -Wcast-qual -Wstrict-overflow -Wnested-externs -Wmultichar -Wundef -fno-strict-aliasing -fexceptions -pthread -fstack-protector-strong -fstack-clash-protection -Dflag_supported    CMakeFiles/cmTC_81e82.dir/src.c.o  -o cmTC_81e82 
make[1]: Leaving directory '/home/ubuntu/Aravinth/submodle/NEW/build/CMakeFiles/CMakeTmp'


Source file was:
int main(void) { return 0; }
